16:46:09.276 [Forwarding newSession on session null to remote] DEBUG io.netty.util.NetUtil - -Djava.net.preferIPv6Addresses: false
16:46:09.432 [Forwarding newSession on session null to remote] DEBUG io.netty.util.NetUtilInitializations - Loopback interface: lo (Software Loopback Interface 1, 127.0.0.1)
16:46:09.433 [Forwarding newSession on session null to remote] DEBUG io.netty.util.NetUtil - Failed to get SOMAXCONN from sysctl and file \proc\sys\net\core\somaxconn. Default: 200
16:46:09.588 [Forwarding newSession on session null to remote] DEBUG io.netty.channel.DefaultChannelId - -Dio.netty.machineId: f4:39:09:ff:fe:34:9b:d5 (auto-detected)
16:46:09.634 [AsyncHttpClient-1-2] DEBUG io.netty.buffer.AbstractByteBuf - -Dio.netty.buffer.checkAccessible: true
16:46:09.634 [AsyncHttpClient-1-2] DEBUG io.netty.buffer.AbstractByteBuf - -Dio.netty.buffer.checkBounds: true
16:46:09.635 [AsyncHttpClient-1-2] DEBUG io.netty.util.ResourceLeakDetectorFactory - Loaded default ResourceLeakDetector: io.netty.util.ResourceLeakDetector@7f1a7a01
16:46:09.657 [AsyncHttpClient-1-2] DEBUG io.netty.util.Recycler - -Dio.netty.recycler.maxCapacityPerThread: 4096
16:46:09.657 [AsyncHttpClient-1-2] DEBUG io.netty.util.Recycler - -Dio.netty.recycler.maxSharedCapacityFactor: 2
16:46:09.657 [AsyncHttpClient-1-2] DEBUG io.netty.util.Recycler - -Dio.netty.recycler.linkCapacity: 16
16:46:09.657 [AsyncHttpClient-1-2] DEBUG io.netty.util.Recycler - -Dio.netty.recycler.ratio: 8
16:46:09.657 [AsyncHttpClient-1-2] DEBUG io.netty.util.Recycler - -Dio.netty.recycler.delayedQueue.ratio: 8
16:46:10.415 [TestNG-tests-1] DEBUG io.netty.util.internal.ThreadLocalRandom - -Dio.netty.initialSeedUniquifier: 0x123c46a167e2e5d1
16:46:10.441 [TestNG-tests-1] INFO  testCases.TC_007_WishList - Launched chrome Browser
16:46:10.460 [TestNG-tests-1] INFO  testCases.TC_007_WishList - Starting TC_007_WishList
16:46:13.909 [TestNG-tests-1] INFO  testCases.TC_007_WishList - Home Page Displayed 
16:46:16.088 [TestNG-tests-1] INFO  testCases.TC_007_WishList - Enter any Product
16:46:26.616 [TestNG-tests-1] INFO  testCases.TC_007_WishList - Provided Email 
16:46:26.669 [TestNG-tests-1] INFO  testCases.TC_007_WishList - Provided Password 
16:46:28.560 [TestNG-tests-1] INFO  testCases.TC_007_WishList - Clicked on Login
16:46:28.574 [AsyncHttpClient-1-4] TRACE io.netty.handler.codec.http.websocketx.WebSocket08FrameEncoder - Encoding WebSocket Frame opCode=8 length=26
16:47:44.072 [TestNG-tests-1] DEBUG io.netty.util.internal.logging.InternalLoggerFactory - Using Log4J2 as the default logging framework
16:47:44.080 [TestNG-tests-1] DEBUG io.netty.util.ResourceLeakDetector - -Dio.netty.leakDetection.level: simple
16:47:44.080 [TestNG-tests-1] DEBUG io.netty.util.ResourceLeakDetector - -Dio.netty.leakDetection.targetRecords: 4
16:47:44.084 [TestNG-tests-1] DEBUG io.netty.util.ResourceLeakDetectorFactory - Loaded default ResourceLeakDetector: io.netty.util.ResourceLeakDetector@49b89e8a
16:47:44.099 [TestNG-tests-1] DEBUG io.netty.util.internal.PlatformDependent - Platform: Windows
16:47:44.100 [TestNG-tests-1] DEBUG io.netty.util.internal.PlatformDependent0 - -Dio.netty.noUnsafe: false
16:47:44.101 [TestNG-tests-1] DEBUG io.netty.util.internal.PlatformDependent0 - Java version: 8
16:47:44.101 [TestNG-tests-1] DEBUG io.netty.util.internal.PlatformDependent0 - sun.misc.Unsafe.theUnsafe: available
16:47:44.102 [TestNG-tests-1] DEBUG io.netty.util.internal.PlatformDependent0 - sun.misc.Unsafe.copyMemory: available
16:47:44.102 [TestNG-tests-1] DEBUG io.netty.util.internal.PlatformDependent0 - java.nio.Buffer.address: available
16:47:44.103 [TestNG-tests-1] DEBUG io.netty.util.internal.PlatformDependent0 - direct buffer constructor: available
16:47:44.103 [TestNG-tests-1] DEBUG io.netty.util.internal.PlatformDependent0 - java.nio.Bits.unaligned: available, true
16:47:44.103 [TestNG-tests-1] DEBUG io.netty.util.internal.PlatformDependent0 - jdk.internal.misc.Unsafe.allocateUninitializedArray(int): unavailable prior to Java9
16:47:44.103 [TestNG-tests-1] DEBUG io.netty.util.internal.PlatformDependent0 - java.nio.DirectByteBuffer.<init>(long, int): available
16:47:44.103 [TestNG-tests-1] DEBUG io.netty.util.internal.PlatformDependent - sun.misc.Unsafe: available
16:47:44.104 [TestNG-tests-1] DEBUG io.netty.util.internal.PlatformDependent - -Dio.netty.tmpdir: C:\Users\VenuM\AppData\Local\Temp (java.io.tmpdir)
16:47:44.104 [TestNG-tests-1] DEBUG io.netty.util.internal.PlatformDependent - -Dio.netty.bitMode: 64 (sun.arch.data.model)
16:47:44.105 [TestNG-tests-1] DEBUG io.netty.util.internal.PlatformDependent - -Dio.netty.maxDirectMemory: 2833776640 bytes
16:47:44.105 [TestNG-tests-1] DEBUG io.netty.util.internal.PlatformDependent - -Dio.netty.uninitializedArrayAllocationThreshold: -1
16:47:44.106 [TestNG-tests-1] DEBUG io.netty.util.internal.CleanerJava6 - java.nio.ByteBuffer.cleaner(): available
16:47:44.106 [TestNG-tests-1] DEBUG io.netty.util.internal.PlatformDependent - -Dio.netty.noPreferDirect: false
16:47:44.113 [TestNG-tests-1] DEBUG io.netty.util.internal.PlatformDependent - org.jctools-core.MpscChunkedArrayQueue: available
16:47:44.129 [TestNG-tests-1] DEBUG io.netty.util.internal.InternalThreadLocalMap - -Dio.netty.threadLocalMap.stringBuilder.initialSize: 1024
16:47:44.129 [TestNG-tests-1] DEBUG io.netty.util.internal.InternalThreadLocalMap - -Dio.netty.threadLocalMap.stringBuilder.maxSize: 4096
16:47:44.148 [TestNG-tests-1] DEBUG io.netty.handler.ssl.JdkSslContext - Default protocols (JDK): [TLSv1.2, TLSv1.1, TLSv1] 
16:47:44.148 [TestNG-tests-1] DEBUG io.netty.handler.ssl.JdkSslContext - Default cipher suites (JDK): [TLS_ECDHE_ECDSA_WITH_AES_256_GCM_SHA384, TLS_ECDHE_ECDSA_WITH_AES_128_GCM_SHA256, TLS_ECDHE_RSA_WITH_AES_128_GCM_SHA256, TLS_ECDHE_RSA_WITH_AES_256_GCM_SHA384, TLS_ECDHE_RSA_WITH_AES_128_CBC_SHA, TLS_ECDHE_RSA_WITH_AES_256_CBC_SHA, TLS_RSA_WITH_AES_128_GCM_SHA256, TLS_RSA_WITH_AES_128_CBC_SHA, TLS_RSA_WITH_AES_256_CBC_SHA, TLS_AES_128_GCM_SHA256, TLS_AES_256_GCM_SHA384]
16:47:44.172 [TestNG-tests-1] DEBUG io.netty.channel.MultithreadEventLoopGroup - -Dio.netty.eventLoopThreads: 12
16:47:44.180 [TestNG-tests-1] DEBUG io.netty.channel.nio.NioEventLoop - -Dio.netty.noKeySetOptimization: false
16:47:44.180 [TestNG-tests-1] DEBUG io.netty.channel.nio.NioEventLoop - -Dio.netty.selectorAutoRebuildThreshold: 512
16:47:44.188 [TestNG-tests-1] TRACE io.netty.channel.nio.NioEventLoop - instrumented a special java.util.Set into: sun.nio.ch.WindowsSelectorImpl@70f45675
16:47:44.189 [TestNG-tests-1] TRACE io.netty.channel.nio.NioEventLoop - instrumented a special java.util.Set into: sun.nio.ch.WindowsSelectorImpl@1bf15aa6
16:47:44.189 [TestNG-tests-1] TRACE io.netty.channel.nio.NioEventLoop - instrumented a special java.util.Set into: sun.nio.ch.WindowsSelectorImpl@49e4f053
16:47:44.190 [TestNG-tests-1] TRACE io.netty.channel.nio.NioEventLoop - instrumented a special java.util.Set into: sun.nio.ch.WindowsSelectorImpl@1b3523bf
16:47:44.190 [TestNG-tests-1] TRACE io.netty.channel.nio.NioEventLoop - instrumented a special java.util.Set into: sun.nio.ch.WindowsSelectorImpl@41adac92
16:47:44.191 [TestNG-tests-1] TRACE io.netty.channel.nio.NioEventLoop - instrumented a special java.util.Set into: sun.nio.ch.WindowsSelectorImpl@5098fa6b
16:47:44.192 [TestNG-tests-1] TRACE io.netty.channel.nio.NioEventLoop - instrumented a special java.util.Set into: sun.nio.ch.WindowsSelectorImpl@3e10ee43
16:47:44.192 [TestNG-tests-1] TRACE io.netty.channel.nio.NioEventLoop - instrumented a special java.util.Set into: sun.nio.ch.WindowsSelectorImpl@c0a1ae5
16:47:44.193 [TestNG-tests-1] TRACE io.netty.channel.nio.NioEventLoop - instrumented a special java.util.Set into: sun.nio.ch.WindowsSelectorImpl@206feeca
16:47:44.193 [TestNG-tests-1] TRACE io.netty.channel.nio.NioEventLoop - instrumented a special java.util.Set into: sun.nio.ch.WindowsSelectorImpl@3733130e
16:47:44.194 [TestNG-tests-1] TRACE io.netty.channel.nio.NioEventLoop - instrumented a special java.util.Set into: sun.nio.ch.WindowsSelectorImpl@ee8915d
16:47:44.194 [TestNG-tests-1] TRACE io.netty.channel.nio.NioEventLoop - instrumented a special java.util.Set into: sun.nio.ch.WindowsSelectorImpl@52697f57
16:47:44.213 [TestNG-tests-1] DEBUG io.netty.buffer.PooledByteBufAllocator - -Dio.netty.allocator.numHeapArenas: 12
16:47:44.213 [TestNG-tests-1] DEBUG io.netty.buffer.PooledByteBufAllocator - -Dio.netty.allocator.numDirectArenas: 12
16:47:44.213 [TestNG-tests-1] DEBUG io.netty.buffer.PooledByteBufAllocator - -Dio.netty.allocator.pageSize: 8192
16:47:44.213 [TestNG-tests-1] DEBUG io.netty.buffer.PooledByteBufAllocator - -Dio.netty.allocator.maxOrder: 11
16:47:44.213 [TestNG-tests-1] DEBUG io.netty.buffer.PooledByteBufAllocator - -Dio.netty.allocator.chunkSize: 16777216
16:47:44.213 [TestNG-tests-1] DEBUG io.netty.buffer.PooledByteBufAllocator - -Dio.netty.allocator.smallCacheSize: 256
16:47:44.214 [TestNG-tests-1] DEBUG io.netty.buffer.PooledByteBufAllocator - -Dio.netty.allocator.normalCacheSize: 64
16:47:44.214 [TestNG-tests-1] DEBUG io.netty.buffer.PooledByteBufAllocator - -Dio.netty.allocator.maxCachedBufferCapacity: 32768
16:47:44.214 [TestNG-tests-1] DEBUG io.netty.buffer.PooledByteBufAllocator - -Dio.netty.allocator.cacheTrimInterval: 8192
16:47:44.214 [TestNG-tests-1] DEBUG io.netty.buffer.PooledByteBufAllocator - -Dio.netty.allocator.cacheTrimIntervalMillis: 0
16:47:44.214 [TestNG-tests-1] DEBUG io.netty.buffer.PooledByteBufAllocator - -Dio.netty.allocator.useCacheForAllThreads: true
16:47:44.214 [TestNG-tests-1] DEBUG io.netty.buffer.PooledByteBufAllocator - -Dio.netty.allocator.maxCachedByteBuffersPerChunk: 1023
16:47:44.223 [TestNG-tests-1] DEBUG io.netty.buffer.ByteBufUtil - -Dio.netty.allocator.type: pooled
16:47:44.223 [TestNG-tests-1] DEBUG io.netty.buffer.ByteBufUtil - -Dio.netty.threadLocalDirectBufferSize: 0
16:47:44.223 [TestNG-tests-1] DEBUG io.netty.buffer.ByteBufUtil - -Dio.netty.maxThreadLocalCharBufferSize: 16384
16:47:44.945 [Forwarding newSession on session null to remote] DEBUG io.netty.channel.DefaultChannelId - -Dio.netty.processId: 32552 (auto-detected)
16:47:44.946 [Forwarding newSession on session null to remote] DEBUG io.netty.util.NetUtil - -Djava.net.preferIPv4Stack: false
16:47:44.947 [Forwarding newSession on session null to remote] DEBUG io.netty.util.NetUtil - -Djava.net.preferIPv6Addresses: false
16:47:45.090 [Forwarding newSession on session null to remote] DEBUG io.netty.util.NetUtilInitializations - Loopback interface: lo (Software Loopback Interface 1, 127.0.0.1)
16:47:45.091 [Forwarding newSession on session null to remote] DEBUG io.netty.util.NetUtil - Failed to get SOMAXCONN from sysctl and file \proc\sys\net\core\somaxconn. Default: 200
16:47:45.246 [Forwarding newSession on session null to remote] DEBUG io.netty.channel.DefaultChannelId - -Dio.netty.machineId: f4:39:09:ff:fe:34:9b:d5 (auto-detected)
16:47:45.293 [AsyncHttpClient-1-2] DEBUG io.netty.buffer.AbstractByteBuf - -Dio.netty.buffer.checkAccessible: true
16:47:45.293 [AsyncHttpClient-1-2] DEBUG io.netty.buffer.AbstractByteBuf - -Dio.netty.buffer.checkBounds: true
16:47:45.293 [AsyncHttpClient-1-2] DEBUG io.netty.util.ResourceLeakDetectorFactory - Loaded default ResourceLeakDetector: io.netty.util.ResourceLeakDetector@2ec2479b
16:47:45.315 [AsyncHttpClient-1-2] DEBUG io.netty.util.Recycler - -Dio.netty.recycler.maxCapacityPerThread: 4096
16:47:45.316 [AsyncHttpClient-1-2] DEBUG io.netty.util.Recycler - -Dio.netty.recycler.maxSharedCapacityFactor: 2
16:47:45.316 [AsyncHttpClient-1-2] DEBUG io.netty.util.Recycler - -Dio.netty.recycler.linkCapacity: 16
16:47:45.316 [AsyncHttpClient-1-2] DEBUG io.netty.util.Recycler - -Dio.netty.recycler.ratio: 8
16:47:45.316 [AsyncHttpClient-1-2] DEBUG io.netty.util.Recycler - -Dio.netty.recycler.delayedQueue.ratio: 8
16:47:46.075 [TestNG-tests-1] DEBUG io.netty.util.internal.ThreadLocalRandom - -Dio.netty.initialSeedUniquifier: 0x9d5ddda163c39d3c
16:47:46.101 [TestNG-tests-1] INFO  testCases.TC_007_WishList - Launched chrome Browser
16:47:46.120 [TestNG-tests-1] INFO  testCases.TC_007_WishList - Starting TC_007_WishList
16:47:50.270 [TestNG-tests-1] INFO  testCases.TC_007_WishList - Home Page Displayed 
16:47:52.449 [TestNG-tests-1] INFO  testCases.TC_007_WishList - Enter any Product
16:48:03.075 [TestNG-tests-1] INFO  testCases.TC_007_WishList - Provided Email 
16:48:03.127 [TestNG-tests-1] INFO  testCases.TC_007_WishList - Provided Password 
16:48:04.136 [TestNG-tests-1] INFO  testCases.TC_007_WishList - Clicked on Login
16:48:04.151 [AsyncHttpClient-1-4] TRACE io.netty.handler.codec.http.websocketx.WebSocket08FrameEncoder - Encoding WebSocket Frame opCode=8 length=26
16:48:23.763 [TestNG-tests-1] DEBUG io.netty.util.internal.logging.InternalLoggerFactory - Using Log4J2 as the default logging framework
16:48:23.771 [TestNG-tests-1] DEBUG io.netty.util.ResourceLeakDetector - -Dio.netty.leakDetection.level: simple
16:48:23.771 [TestNG-tests-1] DEBUG io.netty.util.ResourceLeakDetector - -Dio.netty.leakDetection.targetRecords: 4
16:48:23.775 [TestNG-tests-1] DEBUG io.netty.util.ResourceLeakDetectorFactory - Loaded default ResourceLeakDetector: io.netty.util.ResourceLeakDetector@2af35102
16:48:23.789 [TestNG-tests-1] DEBUG io.netty.util.internal.PlatformDependent - Platform: Windows
16:48:23.791 [TestNG-tests-1] DEBUG io.netty.util.internal.PlatformDependent0 - -Dio.netty.noUnsafe: false
16:48:23.791 [TestNG-tests-1] DEBUG io.netty.util.internal.PlatformDependent0 - Java version: 8
16:48:23.792 [TestNG-tests-1] DEBUG io.netty.util.internal.PlatformDependent0 - sun.misc.Unsafe.theUnsafe: available
16:48:23.792 [TestNG-tests-1] DEBUG io.netty.util.internal.PlatformDependent0 - sun.misc.Unsafe.copyMemory: available
16:48:23.793 [TestNG-tests-1] DEBUG io.netty.util.internal.PlatformDependent0 - java.nio.Buffer.address: available
16:48:23.793 [TestNG-tests-1] DEBUG io.netty.util.internal.PlatformDependent0 - direct buffer constructor: available
16:48:23.794 [TestNG-tests-1] DEBUG io.netty.util.internal.PlatformDependent0 - java.nio.Bits.unaligned: available, true
16:48:23.794 [TestNG-tests-1] DEBUG io.netty.util.internal.PlatformDependent0 - jdk.internal.misc.Unsafe.allocateUninitializedArray(int): unavailable prior to Java9
16:48:23.794 [TestNG-tests-1] DEBUG io.netty.util.internal.PlatformDependent0 - java.nio.DirectByteBuffer.<init>(long, int): available
16:48:23.794 [TestNG-tests-1] DEBUG io.netty.util.internal.PlatformDependent - sun.misc.Unsafe: available
16:48:23.794 [TestNG-tests-1] DEBUG io.netty.util.internal.PlatformDependent - -Dio.netty.tmpdir: C:\Users\VenuM\AppData\Local\Temp (java.io.tmpdir)
16:48:23.794 [TestNG-tests-1] DEBUG io.netty.util.internal.PlatformDependent - -Dio.netty.bitMode: 64 (sun.arch.data.model)
16:48:23.795 [TestNG-tests-1] DEBUG io.netty.util.internal.PlatformDependent - -Dio.netty.maxDirectMemory: 2833776640 bytes
16:48:23.795 [TestNG-tests-1] DEBUG io.netty.util.internal.PlatformDependent - -Dio.netty.uninitializedArrayAllocationThreshold: -1
16:48:23.796 [TestNG-tests-1] DEBUG io.netty.util.internal.CleanerJava6 - java.nio.ByteBuffer.cleaner(): available
16:48:23.796 [TestNG-tests-1] DEBUG io.netty.util.internal.PlatformDependent - -Dio.netty.noPreferDirect: false
16:48:23.803 [TestNG-tests-1] DEBUG io.netty.util.internal.PlatformDependent - org.jctools-core.MpscChunkedArrayQueue: available
16:48:23.819 [TestNG-tests-1] DEBUG io.netty.util.internal.InternalThreadLocalMap - -Dio.netty.threadLocalMap.stringBuilder.initialSize: 1024
16:48:23.820 [TestNG-tests-1] DEBUG io.netty.util.internal.InternalThreadLocalMap - -Dio.netty.threadLocalMap.stringBuilder.maxSize: 4096
16:48:23.838 [TestNG-tests-1] DEBUG io.netty.handler.ssl.JdkSslContext - Default protocols (JDK): [TLSv1.2, TLSv1.1, TLSv1] 
16:48:23.838 [TestNG-tests-1] DEBUG io.netty.handler.ssl.JdkSslContext - Default cipher suites (JDK): [TLS_ECDHE_ECDSA_WITH_AES_256_GCM_SHA384, TLS_ECDHE_ECDSA_WITH_AES_128_GCM_SHA256, TLS_ECDHE_RSA_WITH_AES_128_GCM_SHA256, TLS_ECDHE_RSA_WITH_AES_256_GCM_SHA384, TLS_ECDHE_RSA_WITH_AES_128_CBC_SHA, TLS_ECDHE_RSA_WITH_AES_256_CBC_SHA, TLS_RSA_WITH_AES_128_GCM_SHA256, TLS_RSA_WITH_AES_128_CBC_SHA, TLS_RSA_WITH_AES_256_CBC_SHA, TLS_AES_128_GCM_SHA256, TLS_AES_256_GCM_SHA384]
16:48:23.862 [TestNG-tests-1] DEBUG io.netty.channel.MultithreadEventLoopGroup - -Dio.netty.eventLoopThreads: 12
16:48:23.870 [TestNG-tests-1] DEBUG io.netty.channel.nio.NioEventLoop - -Dio.netty.noKeySetOptimization: false
16:48:23.870 [TestNG-tests-1] DEBUG io.netty.channel.nio.NioEventLoop - -Dio.netty.selectorAutoRebuildThreshold: 512
16:48:23.877 [TestNG-tests-1] TRACE io.netty.channel.nio.NioEventLoop - instrumented a special java.util.Set into: sun.nio.ch.WindowsSelectorImpl@473918f7
16:48:23.878 [TestNG-tests-1] TRACE io.netty.channel.nio.NioEventLoop - instrumented a special java.util.Set into: sun.nio.ch.WindowsSelectorImpl@40bec210
16:48:23.879 [TestNG-tests-1] TRACE io.netty.channel.nio.NioEventLoop - instrumented a special java.util.Set into: sun.nio.ch.WindowsSelectorImpl@4fcf9450
16:48:23.879 [TestNG-tests-1] TRACE io.netty.channel.nio.NioEventLoop - instrumented a special java.util.Set into: sun.nio.ch.WindowsSelectorImpl@1ebe73f5
16:48:23.880 [TestNG-tests-1] TRACE io.netty.channel.nio.NioEventLoop - instrumented a special java.util.Set into: sun.nio.ch.WindowsSelectorImpl@4e503452
16:48:23.881 [TestNG-tests-1] TRACE io.netty.channel.nio.NioEventLoop - instrumented a special java.util.Set into: sun.nio.ch.WindowsSelectorImpl@7848c1ca
16:48:23.881 [TestNG-tests-1] TRACE io.netty.channel.nio.NioEventLoop - instrumented a special java.util.Set into: sun.nio.ch.WindowsSelectorImpl@4b96b787
16:48:23.882 [TestNG-tests-1] TRACE io.netty.channel.nio.NioEventLoop - instrumented a special java.util.Set into: sun.nio.ch.WindowsSelectorImpl@26da54db
16:48:23.882 [TestNG-tests-1] TRACE io.netty.channel.nio.NioEventLoop - instrumented a special java.util.Set into: sun.nio.ch.WindowsSelectorImpl@696716f6
16:48:23.883 [TestNG-tests-1] TRACE io.netty.channel.nio.NioEventLoop - instrumented a special java.util.Set into: sun.nio.ch.WindowsSelectorImpl@571fdc81
16:48:23.883 [TestNG-tests-1] TRACE io.netty.channel.nio.NioEventLoop - instrumented a special java.util.Set into: sun.nio.ch.WindowsSelectorImpl@294b636a
16:48:23.884 [TestNG-tests-1] TRACE io.netty.channel.nio.NioEventLoop - instrumented a special java.util.Set into: sun.nio.ch.WindowsSelectorImpl@5d438614
16:48:23.902 [TestNG-tests-1] DEBUG io.netty.buffer.PooledByteBufAllocator - -Dio.netty.allocator.numHeapArenas: 12
16:48:23.903 [TestNG-tests-1] DEBUG io.netty.buffer.PooledByteBufAllocator - -Dio.netty.allocator.numDirectArenas: 12
16:48:23.903 [TestNG-tests-1] DEBUG io.netty.buffer.PooledByteBufAllocator - -Dio.netty.allocator.pageSize: 8192
16:48:23.903 [TestNG-tests-1] DEBUG io.netty.buffer.PooledByteBufAllocator - -Dio.netty.allocator.maxOrder: 11
16:48:23.903 [TestNG-tests-1] DEBUG io.netty.buffer.PooledByteBufAllocator - -Dio.netty.allocator.chunkSize: 16777216
16:48:23.903 [TestNG-tests-1] DEBUG io.netty.buffer.PooledByteBufAllocator - -Dio.netty.allocator.smallCacheSize: 256
16:48:23.903 [TestNG-tests-1] DEBUG io.netty.buffer.PooledByteBufAllocator - -Dio.netty.allocator.normalCacheSize: 64
16:48:23.903 [TestNG-tests-1] DEBUG io.netty.buffer.PooledByteBufAllocator - -Dio.netty.allocator.maxCachedBufferCapacity: 32768
16:48:23.903 [TestNG-tests-1] DEBUG io.netty.buffer.PooledByteBufAllocator - -Dio.netty.allocator.cacheTrimInterval: 8192
16:48:23.903 [TestNG-tests-1] DEBUG io.netty.buffer.PooledByteBufAllocator - -Dio.netty.allocator.cacheTrimIntervalMillis: 0
16:48:23.903 [TestNG-tests-1] DEBUG io.netty.buffer.PooledByteBufAllocator - -Dio.netty.allocator.useCacheForAllThreads: true
16:48:23.903 [TestNG-tests-1] DEBUG io.netty.buffer.PooledByteBufAllocator - -Dio.netty.allocator.maxCachedByteBuffersPerChunk: 1023
16:48:23.912 [TestNG-tests-1] DEBUG io.netty.buffer.ByteBufUtil - -Dio.netty.allocator.type: pooled
16:48:23.912 [TestNG-tests-1] DEBUG io.netty.buffer.ByteBufUtil - -Dio.netty.threadLocalDirectBufferSize: 0
16:48:23.912 [TestNG-tests-1] DEBUG io.netty.buffer.ByteBufUtil - -Dio.netty.maxThreadLocalCharBufferSize: 16384
16:48:24.659 [Forwarding newSession on session null to remote] DEBUG io.netty.channel.DefaultChannelId - -Dio.netty.processId: 15112 (auto-detected)
16:48:24.661 [Forwarding newSession on session null to remote] DEBUG io.netty.util.NetUtil - -Djava.net.preferIPv4Stack: false
16:48:24.661 [Forwarding newSession on session null to remote] DEBUG io.netty.util.NetUtil - -Djava.net.preferIPv6Addresses: false
16:48:24.811 [Forwarding newSession on session null to remote] DEBUG io.netty.util.NetUtilInitializations - Loopback interface: lo (Software Loopback Interface 1, 127.0.0.1)
16:48:24.811 [Forwarding newSession on session null to remote] DEBUG io.netty.util.NetUtil - Failed to get SOMAXCONN from sysctl and file \proc\sys\net\core\somaxconn. Default: 200
16:48:24.966 [Forwarding newSession on session null to remote] DEBUG io.netty.channel.DefaultChannelId - -Dio.netty.machineId: f4:39:09:ff:fe:34:9b:d5 (auto-detected)
16:48:25.012 [AsyncHttpClient-1-2] DEBUG io.netty.buffer.AbstractByteBuf - -Dio.netty.buffer.checkAccessible: true
16:48:25.012 [AsyncHttpClient-1-2] DEBUG io.netty.buffer.AbstractByteBuf - -Dio.netty.buffer.checkBounds: true
16:48:25.012 [AsyncHttpClient-1-2] DEBUG io.netty.util.ResourceLeakDetectorFactory - Loaded default ResourceLeakDetector: io.netty.util.ResourceLeakDetector@13832176
16:48:25.034 [AsyncHttpClient-1-2] DEBUG io.netty.util.Recycler - -Dio.netty.recycler.maxCapacityPerThread: 4096
16:48:25.034 [AsyncHttpClient-1-2] DEBUG io.netty.util.Recycler - -Dio.netty.recycler.maxSharedCapacityFactor: 2
16:48:25.034 [AsyncHttpClient-1-2] DEBUG io.netty.util.Recycler - -Dio.netty.recycler.linkCapacity: 16
16:48:25.034 [AsyncHttpClient-1-2] DEBUG io.netty.util.Recycler - -Dio.netty.recycler.ratio: 8
16:48:25.034 [AsyncHttpClient-1-2] DEBUG io.netty.util.Recycler - -Dio.netty.recycler.delayedQueue.ratio: 8
16:48:25.876 [TestNG-tests-1] DEBUG io.netty.util.internal.ThreadLocalRandom - -Dio.netty.initialSeedUniquifier: 0x012197b7e2ce9c77
16:48:25.902 [TestNG-tests-1] INFO  testCases.TC_007_WishList - Launched chrome Browser
16:48:25.921 [TestNG-tests-1] INFO  testCases.TC_007_WishList - Starting TC_007_WishList
16:48:28.750 [TestNG-tests-1] INFO  testCases.TC_007_WishList - Home Page Displayed 
16:48:30.925 [TestNG-tests-1] INFO  testCases.TC_007_WishList - Enter any Product
16:48:42.409 [AsyncHttpClient-1-4] TRACE io.netty.handler.codec.http.websocketx.WebSocket08FrameEncoder - Encoding WebSocket Frame opCode=8 length=26
17:33:15.340 [TestNG-tests-1] DEBUG io.netty.util.internal.logging.InternalLoggerFactory - Using Log4J2 as the default logging framework
17:33:15.348 [TestNG-tests-1] DEBUG io.netty.util.ResourceLeakDetector - -Dio.netty.leakDetection.level: simple
17:33:15.348 [TestNG-tests-1] DEBUG io.netty.util.ResourceLeakDetector - -Dio.netty.leakDetection.targetRecords: 4
17:33:15.351 [TestNG-tests-1] DEBUG io.netty.util.ResourceLeakDetectorFactory - Loaded default ResourceLeakDetector: io.netty.util.ResourceLeakDetector@2db67577
17:33:15.367 [TestNG-tests-1] DEBUG io.netty.util.internal.PlatformDependent - Platform: Windows
17:33:15.368 [TestNG-tests-1] DEBUG io.netty.util.internal.PlatformDependent0 - -Dio.netty.noUnsafe: false
17:33:15.368 [TestNG-tests-1] DEBUG io.netty.util.internal.PlatformDependent0 - Java version: 8
17:33:15.369 [TestNG-tests-1] DEBUG io.netty.util.internal.PlatformDependent0 - sun.misc.Unsafe.theUnsafe: available
17:33:15.370 [TestNG-tests-1] DEBUG io.netty.util.internal.PlatformDependent0 - sun.misc.Unsafe.copyMemory: available
17:33:15.370 [TestNG-tests-1] DEBUG io.netty.util.internal.PlatformDependent0 - java.nio.Buffer.address: available
17:33:15.370 [TestNG-tests-1] DEBUG io.netty.util.internal.PlatformDependent0 - direct buffer constructor: available
17:33:15.371 [TestNG-tests-1] DEBUG io.netty.util.internal.PlatformDependent0 - java.nio.Bits.unaligned: available, true
17:33:15.371 [TestNG-tests-1] DEBUG io.netty.util.internal.PlatformDependent0 - jdk.internal.misc.Unsafe.allocateUninitializedArray(int): unavailable prior to Java9
17:33:15.371 [TestNG-tests-1] DEBUG io.netty.util.internal.PlatformDependent0 - java.nio.DirectByteBuffer.<init>(long, int): available
17:33:15.371 [TestNG-tests-1] DEBUG io.netty.util.internal.PlatformDependent - sun.misc.Unsafe: available
17:33:15.371 [TestNG-tests-1] DEBUG io.netty.util.internal.PlatformDependent - -Dio.netty.tmpdir: C:\Users\VenuM\AppData\Local\Temp (java.io.tmpdir)
17:33:15.371 [TestNG-tests-1] DEBUG io.netty.util.internal.PlatformDependent - -Dio.netty.bitMode: 64 (sun.arch.data.model)
17:33:15.372 [TestNG-tests-1] DEBUG io.netty.util.internal.PlatformDependent - -Dio.netty.maxDirectMemory: 2833776640 bytes
17:33:15.372 [TestNG-tests-1] DEBUG io.netty.util.internal.PlatformDependent - -Dio.netty.uninitializedArrayAllocationThreshold: -1
17:33:15.373 [TestNG-tests-1] DEBUG io.netty.util.internal.CleanerJava6 - java.nio.ByteBuffer.cleaner(): available
17:33:15.373 [TestNG-tests-1] DEBUG io.netty.util.internal.PlatformDependent - -Dio.netty.noPreferDirect: false
17:33:15.380 [TestNG-tests-1] DEBUG io.netty.util.internal.PlatformDependent - org.jctools-core.MpscChunkedArrayQueue: available
17:33:15.396 [TestNG-tests-1] DEBUG io.netty.util.internal.InternalThreadLocalMap - -Dio.netty.threadLocalMap.stringBuilder.initialSize: 1024
17:33:15.396 [TestNG-tests-1] DEBUG io.netty.util.internal.InternalThreadLocalMap - -Dio.netty.threadLocalMap.stringBuilder.maxSize: 4096
17:33:15.415 [TestNG-tests-1] DEBUG io.netty.handler.ssl.JdkSslContext - Default protocols (JDK): [TLSv1.2, TLSv1.1, TLSv1] 
17:33:15.415 [TestNG-tests-1] DEBUG io.netty.handler.ssl.JdkSslContext - Default cipher suites (JDK): [TLS_ECDHE_ECDSA_WITH_AES_256_GCM_SHA384, TLS_ECDHE_ECDSA_WITH_AES_128_GCM_SHA256, TLS_ECDHE_RSA_WITH_AES_128_GCM_SHA256, TLS_ECDHE_RSA_WITH_AES_256_GCM_SHA384, TLS_ECDHE_RSA_WITH_AES_128_CBC_SHA, TLS_ECDHE_RSA_WITH_AES_256_CBC_SHA, TLS_RSA_WITH_AES_128_GCM_SHA256, TLS_RSA_WITH_AES_128_CBC_SHA, TLS_RSA_WITH_AES_256_CBC_SHA, TLS_AES_128_GCM_SHA256, TLS_AES_256_GCM_SHA384]
17:33:15.439 [TestNG-tests-1] DEBUG io.netty.channel.MultithreadEventLoopGroup - -Dio.netty.eventLoopThreads: 12
17:33:15.447 [TestNG-tests-1] DEBUG io.netty.channel.nio.NioEventLoop - -Dio.netty.noKeySetOptimization: false
17:33:15.447 [TestNG-tests-1] DEBUG io.netty.channel.nio.NioEventLoop - -Dio.netty.selectorAutoRebuildThreshold: 512
17:33:15.454 [TestNG-tests-1] TRACE io.netty.channel.nio.NioEventLoop - instrumented a special java.util.Set into: sun.nio.ch.WindowsSelectorImpl@306fe4b8
17:33:15.455 [TestNG-tests-1] TRACE io.netty.channel.nio.NioEventLoop - instrumented a special java.util.Set into: sun.nio.ch.WindowsSelectorImpl@5dabe608
17:33:15.456 [TestNG-tests-1] TRACE io.netty.channel.nio.NioEventLoop - instrumented a special java.util.Set into: sun.nio.ch.WindowsSelectorImpl@122e8321
17:33:15.457 [TestNG-tests-1] TRACE io.netty.channel.nio.NioEventLoop - instrumented a special java.util.Set into: sun.nio.ch.WindowsSelectorImpl@41ddcc5
17:33:15.457 [TestNG-tests-1] TRACE io.netty.channel.nio.NioEventLoop - instrumented a special java.util.Set into: sun.nio.ch.WindowsSelectorImpl@36db90a0
17:33:15.458 [TestNG-tests-1] TRACE io.netty.channel.nio.NioEventLoop - instrumented a special java.util.Set into: sun.nio.ch.WindowsSelectorImpl@3442bbd5
17:33:15.458 [TestNG-tests-1] TRACE io.netty.channel.nio.NioEventLoop - instrumented a special java.util.Set into: sun.nio.ch.WindowsSelectorImpl@529311f7
17:33:15.459 [TestNG-tests-1] TRACE io.netty.channel.nio.NioEventLoop - instrumented a special java.util.Set into: sun.nio.ch.WindowsSelectorImpl@38021494
17:33:15.459 [TestNG-tests-1] TRACE io.netty.channel.nio.NioEventLoop - instrumented a special java.util.Set into: sun.nio.ch.WindowsSelectorImpl@5236dda4
17:33:15.460 [TestNG-tests-1] TRACE io.netty.channel.nio.NioEventLoop - instrumented a special java.util.Set into: sun.nio.ch.WindowsSelectorImpl@730b5824
17:33:15.460 [TestNG-tests-1] TRACE io.netty.channel.nio.NioEventLoop - instrumented a special java.util.Set into: sun.nio.ch.WindowsSelectorImpl@39ddf31b
17:33:15.461 [TestNG-tests-1] TRACE io.netty.channel.nio.NioEventLoop - instrumented a special java.util.Set into: sun.nio.ch.WindowsSelectorImpl@1153e600
17:33:15.479 [TestNG-tests-1] DEBUG io.netty.buffer.PooledByteBufAllocator - -Dio.netty.allocator.numHeapArenas: 12
17:33:15.479 [TestNG-tests-1] DEBUG io.netty.buffer.PooledByteBufAllocator - -Dio.netty.allocator.numDirectArenas: 12
17:33:15.479 [TestNG-tests-1] DEBUG io.netty.buffer.PooledByteBufAllocator - -Dio.netty.allocator.pageSize: 8192
17:33:15.479 [TestNG-tests-1] DEBUG io.netty.buffer.PooledByteBufAllocator - -Dio.netty.allocator.maxOrder: 11
17:33:15.479 [TestNG-tests-1] DEBUG io.netty.buffer.PooledByteBufAllocator - -Dio.netty.allocator.chunkSize: 16777216
17:33:15.479 [TestNG-tests-1] DEBUG io.netty.buffer.PooledByteBufAllocator - -Dio.netty.allocator.smallCacheSize: 256
17:33:15.479 [TestNG-tests-1] DEBUG io.netty.buffer.PooledByteBufAllocator - -Dio.netty.allocator.normalCacheSize: 64
17:33:15.479 [TestNG-tests-1] DEBUG io.netty.buffer.PooledByteBufAllocator - -Dio.netty.allocator.maxCachedBufferCapacity: 32768
17:33:15.479 [TestNG-tests-1] DEBUG io.netty.buffer.PooledByteBufAllocator - -Dio.netty.allocator.cacheTrimInterval: 8192
17:33:15.479 [TestNG-tests-1] DEBUG io.netty.buffer.PooledByteBufAllocator - -Dio.netty.allocator.cacheTrimIntervalMillis: 0
17:33:15.479 [TestNG-tests-1] DEBUG io.netty.buffer.PooledByteBufAllocator - -Dio.netty.allocator.useCacheForAllThreads: true
17:33:15.479 [TestNG-tests-1] DEBUG io.netty.buffer.PooledByteBufAllocator - -Dio.netty.allocator.maxCachedByteBuffersPerChunk: 1023
17:33:15.488 [TestNG-tests-1] DEBUG io.netty.buffer.ByteBufUtil - -Dio.netty.allocator.type: pooled
17:33:15.488 [TestNG-tests-1] DEBUG io.netty.buffer.ByteBufUtil - -Dio.netty.threadLocalDirectBufferSize: 0
17:33:15.488 [TestNG-tests-1] DEBUG io.netty.buffer.ByteBufUtil - -Dio.netty.maxThreadLocalCharBufferSize: 16384
17:33:16.235 [Forwarding newSession on session null to remote] DEBUG io.netty.channel.DefaultChannelId - -Dio.netty.processId: 42040 (auto-detected)
17:33:16.237 [Forwarding newSession on session null to remote] DEBUG io.netty.util.NetUtil - -Djava.net.preferIPv4Stack: false
17:33:16.237 [Forwarding newSession on session null to remote] DEBUG io.netty.util.NetUtil - -Djava.net.preferIPv6Addresses: false
17:33:16.382 [Forwarding newSession on session null to remote] DEBUG io.netty.util.NetUtilInitializations - Loopback interface: lo (Software Loopback Interface 1, 127.0.0.1)
17:33:16.383 [Forwarding newSession on session null to remote] DEBUG io.netty.util.NetUtil - Failed to get SOMAXCONN from sysctl and file \proc\sys\net\core\somaxconn. Default: 200
17:33:16.535 [Forwarding newSession on session null to remote] DEBUG io.netty.channel.DefaultChannelId - -Dio.netty.machineId: f4:39:09:ff:fe:34:9b:d5 (auto-detected)
17:33:16.582 [AsyncHttpClient-1-2] DEBUG io.netty.buffer.AbstractByteBuf - -Dio.netty.buffer.checkAccessible: true
17:33:16.583 [AsyncHttpClient-1-2] DEBUG io.netty.buffer.AbstractByteBuf - -Dio.netty.buffer.checkBounds: true
17:33:16.583 [AsyncHttpClient-1-2] DEBUG io.netty.util.ResourceLeakDetectorFactory - Loaded default ResourceLeakDetector: io.netty.util.ResourceLeakDetector@585b6c91
17:33:16.605 [AsyncHttpClient-1-2] DEBUG io.netty.util.Recycler - -Dio.netty.recycler.maxCapacityPerThread: 4096
17:33:16.605 [AsyncHttpClient-1-2] DEBUG io.netty.util.Recycler - -Dio.netty.recycler.maxSharedCapacityFactor: 2
17:33:16.605 [AsyncHttpClient-1-2] DEBUG io.netty.util.Recycler - -Dio.netty.recycler.linkCapacity: 16
17:33:16.605 [AsyncHttpClient-1-2] DEBUG io.netty.util.Recycler - -Dio.netty.recycler.ratio: 8
17:33:16.605 [AsyncHttpClient-1-2] DEBUG io.netty.util.Recycler - -Dio.netty.recycler.delayedQueue.ratio: 8
17:33:17.293 [TestNG-tests-1] DEBUG io.netty.util.internal.ThreadLocalRandom - -Dio.netty.initialSeedUniquifier: 0x313174e0c223b7cb
17:33:17.318 [TestNG-tests-1] INFO  testCases.TC_007_WishList - Launched chrome Browser
17:33:17.336 [TestNG-tests-1] INFO  testCases.TC_007_WishList - Starting TC_007_WishList
17:33:19.681 [TestNG-tests-1] INFO  testCases.TC_007_WishList - Home Page Displayed 
17:33:21.850 [TestNG-tests-1] INFO  testCases.TC_007_WishList - Enter any Product
17:33:32.543 [TestNG-tests-1] INFO  testCases.TC_007_WishList - Provided Email 
17:33:32.596 [TestNG-tests-1] INFO  testCases.TC_007_WishList - Provided Password 
17:33:33.602 [TestNG-tests-1] INFO  testCases.TC_007_WishList - Clicked on Login
17:33:43.641 [TestNG-tests-1] ERROR testCases.TC_007_WishList - Search Success 
17:33:43.937 [TestNG-tests-1] INFO  testCases.TC_007_WishList -  Finished TC_007_WishList 
17:33:43.950 [AsyncHttpClient-1-4] TRACE io.netty.handler.codec.http.websocketx.WebSocket08FrameEncoder - Encoding WebSocket Frame opCode=8 length=26
17:34:22.253 [TestNG-tests-1] DEBUG io.netty.util.internal.logging.InternalLoggerFactory - Using Log4J2 as the default logging framework
17:34:22.261 [TestNG-tests-1] DEBUG io.netty.util.ResourceLeakDetector - -Dio.netty.leakDetection.level: simple
17:34:22.262 [TestNG-tests-1] DEBUG io.netty.util.ResourceLeakDetector - -Dio.netty.leakDetection.targetRecords: 4
17:34:22.265 [TestNG-tests-1] DEBUG io.netty.util.ResourceLeakDetectorFactory - Loaded default ResourceLeakDetector: io.netty.util.ResourceLeakDetector@3dbb4fd1
17:34:22.280 [TestNG-tests-1] DEBUG io.netty.util.internal.PlatformDependent - Platform: Windows
17:34:22.282 [TestNG-tests-1] DEBUG io.netty.util.internal.PlatformDependent0 - -Dio.netty.noUnsafe: false
17:34:22.282 [TestNG-tests-1] DEBUG io.netty.util.internal.PlatformDependent0 - Java version: 8
17:34:22.283 [TestNG-tests-1] DEBUG io.netty.util.internal.PlatformDependent0 - sun.misc.Unsafe.theUnsafe: available
17:34:22.283 [TestNG-tests-1] DEBUG io.netty.util.internal.PlatformDependent0 - sun.misc.Unsafe.copyMemory: available
17:34:22.284 [TestNG-tests-1] DEBUG io.netty.util.internal.PlatformDependent0 - java.nio.Buffer.address: available
17:34:22.284 [TestNG-tests-1] DEBUG io.netty.util.internal.PlatformDependent0 - direct buffer constructor: available
17:34:22.285 [TestNG-tests-1] DEBUG io.netty.util.internal.PlatformDependent0 - java.nio.Bits.unaligned: available, true
17:34:22.285 [TestNG-tests-1] DEBUG io.netty.util.internal.PlatformDependent0 - jdk.internal.misc.Unsafe.allocateUninitializedArray(int): unavailable prior to Java9
17:34:22.285 [TestNG-tests-1] DEBUG io.netty.util.internal.PlatformDependent0 - java.nio.DirectByteBuffer.<init>(long, int): available
17:34:22.285 [TestNG-tests-1] DEBUG io.netty.util.internal.PlatformDependent - sun.misc.Unsafe: available
17:34:22.285 [TestNG-tests-1] DEBUG io.netty.util.internal.PlatformDependent - -Dio.netty.tmpdir: C:\Users\VenuM\AppData\Local\Temp (java.io.tmpdir)
17:34:22.285 [TestNG-tests-1] DEBUG io.netty.util.internal.PlatformDependent - -Dio.netty.bitMode: 64 (sun.arch.data.model)
17:34:22.286 [TestNG-tests-1] DEBUG io.netty.util.internal.PlatformDependent - -Dio.netty.maxDirectMemory: 2833776640 bytes
17:34:22.286 [TestNG-tests-1] DEBUG io.netty.util.internal.PlatformDependent - -Dio.netty.uninitializedArrayAllocationThreshold: -1
17:34:22.287 [TestNG-tests-1] DEBUG io.netty.util.internal.CleanerJava6 - java.nio.ByteBuffer.cleaner(): available
17:34:22.287 [TestNG-tests-1] DEBUG io.netty.util.internal.PlatformDependent - -Dio.netty.noPreferDirect: false
17:34:22.295 [TestNG-tests-1] DEBUG io.netty.util.internal.PlatformDependent - org.jctools-core.MpscChunkedArrayQueue: available
17:34:22.310 [TestNG-tests-1] DEBUG io.netty.util.internal.InternalThreadLocalMap - -Dio.netty.threadLocalMap.stringBuilder.initialSize: 1024
17:34:22.311 [TestNG-tests-1] DEBUG io.netty.util.internal.InternalThreadLocalMap - -Dio.netty.threadLocalMap.stringBuilder.maxSize: 4096
17:34:22.329 [TestNG-tests-1] DEBUG io.netty.handler.ssl.JdkSslContext - Default protocols (JDK): [TLSv1.2, TLSv1.1, TLSv1] 
17:34:22.329 [TestNG-tests-1] DEBUG io.netty.handler.ssl.JdkSslContext - Default cipher suites (JDK): [TLS_ECDHE_ECDSA_WITH_AES_256_GCM_SHA384, TLS_ECDHE_ECDSA_WITH_AES_128_GCM_SHA256, TLS_ECDHE_RSA_WITH_AES_128_GCM_SHA256, TLS_ECDHE_RSA_WITH_AES_256_GCM_SHA384, TLS_ECDHE_RSA_WITH_AES_128_CBC_SHA, TLS_ECDHE_RSA_WITH_AES_256_CBC_SHA, TLS_RSA_WITH_AES_128_GCM_SHA256, TLS_RSA_WITH_AES_128_CBC_SHA, TLS_RSA_WITH_AES_256_CBC_SHA, TLS_AES_128_GCM_SHA256, TLS_AES_256_GCM_SHA384]
17:34:22.353 [TestNG-tests-1] DEBUG io.netty.channel.MultithreadEventLoopGroup - -Dio.netty.eventLoopThreads: 12
17:34:22.361 [TestNG-tests-1] DEBUG io.netty.channel.nio.NioEventLoop - -Dio.netty.noKeySetOptimization: false
17:34:22.361 [TestNG-tests-1] DEBUG io.netty.channel.nio.NioEventLoop - -Dio.netty.selectorAutoRebuildThreshold: 512
17:34:22.368 [TestNG-tests-1] TRACE io.netty.channel.nio.NioEventLoop - instrumented a special java.util.Set into: sun.nio.ch.WindowsSelectorImpl@3ac20561
17:34:22.369 [TestNG-tests-1] TRACE io.netty.channel.nio.NioEventLoop - instrumented a special java.util.Set into: sun.nio.ch.WindowsSelectorImpl@6d222394
17:34:22.370 [TestNG-tests-1] TRACE io.netty.channel.nio.NioEventLoop - instrumented a special java.util.Set into: sun.nio.ch.WindowsSelectorImpl@4761ca5c
17:34:22.370 [TestNG-tests-1] TRACE io.netty.channel.nio.NioEventLoop - instrumented a special java.util.Set into: sun.nio.ch.WindowsSelectorImpl@11fdffce
17:34:22.371 [TestNG-tests-1] TRACE io.netty.channel.nio.NioEventLoop - instrumented a special java.util.Set into: sun.nio.ch.WindowsSelectorImpl@bb3f3ad
17:34:22.372 [TestNG-tests-1] TRACE io.netty.channel.nio.NioEventLoop - instrumented a special java.util.Set into: sun.nio.ch.WindowsSelectorImpl@77f14fcc
17:34:22.372 [TestNG-tests-1] TRACE io.netty.channel.nio.NioEventLoop - instrumented a special java.util.Set into: sun.nio.ch.WindowsSelectorImpl@3e0b5844
17:34:22.373 [TestNG-tests-1] TRACE io.netty.channel.nio.NioEventLoop - instrumented a special java.util.Set into: sun.nio.ch.WindowsSelectorImpl@4076c3c4
17:34:22.373 [TestNG-tests-1] TRACE io.netty.channel.nio.NioEventLoop - instrumented a special java.util.Set into: sun.nio.ch.WindowsSelectorImpl@54cc6efc
17:34:22.374 [TestNG-tests-1] TRACE io.netty.channel.nio.NioEventLoop - instrumented a special java.util.Set into: sun.nio.ch.WindowsSelectorImpl@29bec486
17:34:22.374 [TestNG-tests-1] TRACE io.netty.channel.nio.NioEventLoop - instrumented a special java.util.Set into: sun.nio.ch.WindowsSelectorImpl@4d93608d
17:34:22.375 [TestNG-tests-1] TRACE io.netty.channel.nio.NioEventLoop - instrumented a special java.util.Set into: sun.nio.ch.WindowsSelectorImpl@3b8de218
17:34:22.393 [TestNG-tests-1] DEBUG io.netty.buffer.PooledByteBufAllocator - -Dio.netty.allocator.numHeapArenas: 12
17:34:22.393 [TestNG-tests-1] DEBUG io.netty.buffer.PooledByteBufAllocator - -Dio.netty.allocator.numDirectArenas: 12
17:34:22.393 [TestNG-tests-1] DEBUG io.netty.buffer.PooledByteBufAllocator - -Dio.netty.allocator.pageSize: 8192
17:34:22.393 [TestNG-tests-1] DEBUG io.netty.buffer.PooledByteBufAllocator - -Dio.netty.allocator.maxOrder: 11
17:34:22.393 [TestNG-tests-1] DEBUG io.netty.buffer.PooledByteBufAllocator - -Dio.netty.allocator.chunkSize: 16777216
17:34:22.393 [TestNG-tests-1] DEBUG io.netty.buffer.PooledByteBufAllocator - -Dio.netty.allocator.smallCacheSize: 256
17:34:22.393 [TestNG-tests-1] DEBUG io.netty.buffer.PooledByteBufAllocator - -Dio.netty.allocator.normalCacheSize: 64
17:34:22.393 [TestNG-tests-1] DEBUG io.netty.buffer.PooledByteBufAllocator - -Dio.netty.allocator.maxCachedBufferCapacity: 32768
17:34:22.393 [TestNG-tests-1] DEBUG io.netty.buffer.PooledByteBufAllocator - -Dio.netty.allocator.cacheTrimInterval: 8192
17:34:22.393 [TestNG-tests-1] DEBUG io.netty.buffer.PooledByteBufAllocator - -Dio.netty.allocator.cacheTrimIntervalMillis: 0
17:34:22.393 [TestNG-tests-1] DEBUG io.netty.buffer.PooledByteBufAllocator - -Dio.netty.allocator.useCacheForAllThreads: true
17:34:22.393 [TestNG-tests-1] DEBUG io.netty.buffer.PooledByteBufAllocator - -Dio.netty.allocator.maxCachedByteBuffersPerChunk: 1023
17:34:22.402 [TestNG-tests-1] DEBUG io.netty.buffer.ByteBufUtil - -Dio.netty.allocator.type: pooled
17:34:22.402 [TestNG-tests-1] DEBUG io.netty.buffer.ByteBufUtil - -Dio.netty.threadLocalDirectBufferSize: 0
17:34:22.402 [TestNG-tests-1] DEBUG io.netty.buffer.ByteBufUtil - -Dio.netty.maxThreadLocalCharBufferSize: 16384
17:34:23.136 [Forwarding newSession on session null to remote] DEBUG io.netty.channel.DefaultChannelId - -Dio.netty.processId: 16100 (auto-detected)
17:34:23.137 [Forwarding newSession on session null to remote] DEBUG io.netty.util.NetUtil - -Djava.net.preferIPv4Stack: false
17:34:23.137 [Forwarding newSession on session null to remote] DEBUG io.netty.util.NetUtil - -Djava.net.preferIPv6Addresses: false
17:34:23.280 [Forwarding newSession on session null to remote] DEBUG io.netty.util.NetUtilInitializations - Loopback interface: lo (Software Loopback Interface 1, 127.0.0.1)
17:34:23.281 [Forwarding newSession on session null to remote] DEBUG io.netty.util.NetUtil - Failed to get SOMAXCONN from sysctl and file \proc\sys\net\core\somaxconn. Default: 200
17:34:23.435 [Forwarding newSession on session null to remote] DEBUG io.netty.channel.DefaultChannelId - -Dio.netty.machineId: f4:39:09:ff:fe:34:9b:d5 (auto-detected)
17:34:23.480 [AsyncHttpClient-1-2] DEBUG io.netty.buffer.AbstractByteBuf - -Dio.netty.buffer.checkAccessible: true
17:34:23.480 [AsyncHttpClient-1-2] DEBUG io.netty.buffer.AbstractByteBuf - -Dio.netty.buffer.checkBounds: true
17:34:23.480 [AsyncHttpClient-1-2] DEBUG io.netty.util.ResourceLeakDetectorFactory - Loaded default ResourceLeakDetector: io.netty.util.ResourceLeakDetector@7c8d3e2b
17:34:23.502 [AsyncHttpClient-1-2] DEBUG io.netty.util.Recycler - -Dio.netty.recycler.maxCapacityPerThread: 4096
17:34:23.503 [AsyncHttpClient-1-2] DEBUG io.netty.util.Recycler - -Dio.netty.recycler.maxSharedCapacityFactor: 2
17:34:23.503 [AsyncHttpClient-1-2] DEBUG io.netty.util.Recycler - -Dio.netty.recycler.linkCapacity: 16
17:34:23.503 [AsyncHttpClient-1-2] DEBUG io.netty.util.Recycler - -Dio.netty.recycler.ratio: 8
17:34:23.503 [AsyncHttpClient-1-2] DEBUG io.netty.util.Recycler - -Dio.netty.recycler.delayedQueue.ratio: 8
17:34:24.240 [TestNG-tests-1] DEBUG io.netty.util.internal.ThreadLocalRandom - -Dio.netty.initialSeedUniquifier: 0x428de497330df9f7
17:34:24.282 [TestNG-tests-1] INFO  testCases.TC_007_WishList - Launched chrome Browser
17:34:24.300 [TestNG-tests-1] INFO  testCases.TC_007_WishList - Starting TC_007_WishList
17:34:27.817 [TestNG-tests-1] INFO  testCases.TC_007_WishList - Home Page Displayed 
17:34:29.991 [TestNG-tests-1] INFO  testCases.TC_007_WishList - Enter any Product
17:34:41.560 [TestNG-tests-1] FATAL testCases.TC_007_WishList - WishList Failed 
17:34:41.578 [AsyncHttpClient-1-4] TRACE io.netty.handler.codec.http.websocketx.WebSocket08FrameEncoder - Encoding WebSocket Frame opCode=8 length=26
17:36:16.927 [TestNG-tests-1] DEBUG io.netty.util.internal.logging.InternalLoggerFactory - Using Log4J2 as the default logging framework
17:36:16.935 [TestNG-tests-1] DEBUG io.netty.util.ResourceLeakDetector - -Dio.netty.leakDetection.level: simple
17:36:16.936 [TestNG-tests-1] DEBUG io.netty.util.ResourceLeakDetector - -Dio.netty.leakDetection.targetRecords: 4
17:36:16.939 [TestNG-tests-1] DEBUG io.netty.util.ResourceLeakDetectorFactory - Loaded default ResourceLeakDetector: io.netty.util.ResourceLeakDetector@12a4001d
17:36:16.954 [TestNG-tests-1] DEBUG io.netty.util.internal.PlatformDependent - Platform: Windows
17:36:16.955 [TestNG-tests-1] DEBUG io.netty.util.internal.PlatformDependent0 - -Dio.netty.noUnsafe: false
17:36:16.956 [TestNG-tests-1] DEBUG io.netty.util.internal.PlatformDependent0 - Java version: 8
17:36:16.956 [TestNG-tests-1] DEBUG io.netty.util.internal.PlatformDependent0 - sun.misc.Unsafe.theUnsafe: available
17:36:16.957 [TestNG-tests-1] DEBUG io.netty.util.internal.PlatformDependent0 - sun.misc.Unsafe.copyMemory: available
17:36:16.957 [TestNG-tests-1] DEBUG io.netty.util.internal.PlatformDependent0 - java.nio.Buffer.address: available
17:36:16.958 [TestNG-tests-1] DEBUG io.netty.util.internal.PlatformDependent0 - direct buffer constructor: available
17:36:16.958 [TestNG-tests-1] DEBUG io.netty.util.internal.PlatformDependent0 - java.nio.Bits.unaligned: available, true
17:36:16.959 [TestNG-tests-1] DEBUG io.netty.util.internal.PlatformDependent0 - jdk.internal.misc.Unsafe.allocateUninitializedArray(int): unavailable prior to Java9
17:36:16.959 [TestNG-tests-1] DEBUG io.netty.util.internal.PlatformDependent0 - java.nio.DirectByteBuffer.<init>(long, int): available
17:36:16.959 [TestNG-tests-1] DEBUG io.netty.util.internal.PlatformDependent - sun.misc.Unsafe: available
17:36:16.959 [TestNG-tests-1] DEBUG io.netty.util.internal.PlatformDependent - -Dio.netty.tmpdir: C:\Users\VenuM\AppData\Local\Temp (java.io.tmpdir)
17:36:16.959 [TestNG-tests-1] DEBUG io.netty.util.internal.PlatformDependent - -Dio.netty.bitMode: 64 (sun.arch.data.model)
17:36:16.960 [TestNG-tests-1] DEBUG io.netty.util.internal.PlatformDependent - -Dio.netty.maxDirectMemory: 2833776640 bytes
17:36:16.960 [TestNG-tests-1] DEBUG io.netty.util.internal.PlatformDependent - -Dio.netty.uninitializedArrayAllocationThreshold: -1
17:36:16.961 [TestNG-tests-1] DEBUG io.netty.util.internal.CleanerJava6 - java.nio.ByteBuffer.cleaner(): available
17:36:16.961 [TestNG-tests-1] DEBUG io.netty.util.internal.PlatformDependent - -Dio.netty.noPreferDirect: false
17:36:16.968 [TestNG-tests-1] DEBUG io.netty.util.internal.PlatformDependent - org.jctools-core.MpscChunkedArrayQueue: available
17:36:16.984 [TestNG-tests-1] DEBUG io.netty.util.internal.InternalThreadLocalMap - -Dio.netty.threadLocalMap.stringBuilder.initialSize: 1024
17:36:16.984 [TestNG-tests-1] DEBUG io.netty.util.internal.InternalThreadLocalMap - -Dio.netty.threadLocalMap.stringBuilder.maxSize: 4096
17:36:17.002 [TestNG-tests-1] DEBUG io.netty.handler.ssl.JdkSslContext - Default protocols (JDK): [TLSv1.2, TLSv1.1, TLSv1] 
17:36:17.003 [TestNG-tests-1] DEBUG io.netty.handler.ssl.JdkSslContext - Default cipher suites (JDK): [TLS_ECDHE_ECDSA_WITH_AES_256_GCM_SHA384, TLS_ECDHE_ECDSA_WITH_AES_128_GCM_SHA256, TLS_ECDHE_RSA_WITH_AES_128_GCM_SHA256, TLS_ECDHE_RSA_WITH_AES_256_GCM_SHA384, TLS_ECDHE_RSA_WITH_AES_128_CBC_SHA, TLS_ECDHE_RSA_WITH_AES_256_CBC_SHA, TLS_RSA_WITH_AES_128_GCM_SHA256, TLS_RSA_WITH_AES_128_CBC_SHA, TLS_RSA_WITH_AES_256_CBC_SHA, TLS_AES_128_GCM_SHA256, TLS_AES_256_GCM_SHA384]
17:36:17.027 [TestNG-tests-1] DEBUG io.netty.channel.MultithreadEventLoopGroup - -Dio.netty.eventLoopThreads: 12
17:36:17.036 [TestNG-tests-1] DEBUG io.netty.channel.nio.NioEventLoop - -Dio.netty.noKeySetOptimization: false
17:36:17.036 [TestNG-tests-1] DEBUG io.netty.channel.nio.NioEventLoop - -Dio.netty.selectorAutoRebuildThreshold: 512
17:36:17.043 [TestNG-tests-1] TRACE io.netty.channel.nio.NioEventLoop - instrumented a special java.util.Set into: sun.nio.ch.WindowsSelectorImpl@7fae0507
17:36:17.044 [TestNG-tests-1] TRACE io.netty.channel.nio.NioEventLoop - instrumented a special java.util.Set into: sun.nio.ch.WindowsSelectorImpl@302bdef8
17:36:17.045 [TestNG-tests-1] TRACE io.netty.channel.nio.NioEventLoop - instrumented a special java.util.Set into: sun.nio.ch.WindowsSelectorImpl@3f2263c7
17:36:17.045 [TestNG-tests-1] TRACE io.netty.channel.nio.NioEventLoop - instrumented a special java.util.Set into: sun.nio.ch.WindowsSelectorImpl@d276038
17:36:17.046 [TestNG-tests-1] TRACE io.netty.channel.nio.NioEventLoop - instrumented a special java.util.Set into: sun.nio.ch.WindowsSelectorImpl@6c69e8df
17:36:17.046 [TestNG-tests-1] TRACE io.netty.channel.nio.NioEventLoop - instrumented a special java.util.Set into: sun.nio.ch.WindowsSelectorImpl@2db27b4
17:36:17.047 [TestNG-tests-1] TRACE io.netty.channel.nio.NioEventLoop - instrumented a special java.util.Set into: sun.nio.ch.WindowsSelectorImpl@2e4b4073
17:36:17.047 [TestNG-tests-1] TRACE io.netty.channel.nio.NioEventLoop - instrumented a special java.util.Set into: sun.nio.ch.WindowsSelectorImpl@185bd322
17:36:17.048 [TestNG-tests-1] TRACE io.netty.channel.nio.NioEventLoop - instrumented a special java.util.Set into: sun.nio.ch.WindowsSelectorImpl@3b57ffe6
17:36:17.048 [TestNG-tests-1] TRACE io.netty.channel.nio.NioEventLoop - instrumented a special java.util.Set into: sun.nio.ch.WindowsSelectorImpl@606a89bf
17:36:17.049 [TestNG-tests-1] TRACE io.netty.channel.nio.NioEventLoop - instrumented a special java.util.Set into: sun.nio.ch.WindowsSelectorImpl@14d61519
17:36:17.050 [TestNG-tests-1] TRACE io.netty.channel.nio.NioEventLoop - instrumented a special java.util.Set into: sun.nio.ch.WindowsSelectorImpl@52520662
17:36:17.067 [TestNG-tests-1] DEBUG io.netty.buffer.PooledByteBufAllocator - -Dio.netty.allocator.numHeapArenas: 12
17:36:17.067 [TestNG-tests-1] DEBUG io.netty.buffer.PooledByteBufAllocator - -Dio.netty.allocator.numDirectArenas: 12
17:36:17.067 [TestNG-tests-1] DEBUG io.netty.buffer.PooledByteBufAllocator - -Dio.netty.allocator.pageSize: 8192
17:36:17.067 [TestNG-tests-1] DEBUG io.netty.buffer.PooledByteBufAllocator - -Dio.netty.allocator.maxOrder: 11
17:36:17.068 [TestNG-tests-1] DEBUG io.netty.buffer.PooledByteBufAllocator - -Dio.netty.allocator.chunkSize: 16777216
