13:54:46.156 [Forwarding newSession on session null to remote] DEBUG io.netty.util.NetUtilInitializations - Loopback interface: lo (Software Loopback Interface 1, 127.0.0.1)
13:54:46.163 [Forwarding newSession on session null to remote] DEBUG io.netty.util.NetUtil - Failed to get SOMAXCONN from sysctl and file \proc\sys\net\core\somaxconn. Default: 200
13:54:46.317 [Forwarding newSession on session null to remote] DEBUG io.netty.channel.DefaultChannelId - -Dio.netty.machineId: f4:39:09:ff:fe:34:9b:d5 (auto-detected)
13:54:46.363 [AsyncHttpClient-1-2] DEBUG io.netty.buffer.AbstractByteBuf - -Dio.netty.buffer.checkAccessible: true
13:54:46.367 [AsyncHttpClient-1-2] DEBUG io.netty.buffer.AbstractByteBuf - -Dio.netty.buffer.checkBounds: true
13:54:46.367 [AsyncHttpClient-1-2] DEBUG io.netty.util.ResourceLeakDetectorFactory - Loaded default ResourceLeakDetector: io.netty.util.ResourceLeakDetector@5b97da06
13:54:46.392 [AsyncHttpClient-1-2] DEBUG io.netty.util.Recycler - -Dio.netty.recycler.maxCapacityPerThread: 4096
13:54:46.392 [AsyncHttpClient-1-2] DEBUG io.netty.util.Recycler - -Dio.netty.recycler.maxSharedCapacityFactor: 2
13:54:46.392 [AsyncHttpClient-1-2] DEBUG io.netty.util.Recycler - -Dio.netty.recycler.linkCapacity: 16
13:54:46.392 [AsyncHttpClient-1-2] DEBUG io.netty.util.Recycler - -Dio.netty.recycler.ratio: 8
13:54:46.392 [AsyncHttpClient-1-2] DEBUG io.netty.util.Recycler - -Dio.netty.recycler.delayedQueue.ratio: 8
13:54:47.245 [TestNG-tests-1] DEBUG io.netty.util.internal.ThreadLocalRandom - -Dio.netty.initialSeedUniquifier: 0xc618994ff3e8dd8e
13:54:47.273 [TestNG-tests-1] INFO  testCases.TC_028_Currency - Launched chrome Browser
13:54:47.291 [TestNG-tests-1] INFO  testCases.TC_028_Currency -  Starting TC_027_GiftCerticate
13:54:50.633 [TestNG-tests-1] INFO  testCases.TC_028_Currency - Home Page Displayed 
13:54:51.020 [TestNG-tests-1] INFO  testCases.TC_028_Currency - Clcik on currency
13:54:52.106 [TestNG-tests-1] INFO  testCases.TC_028_Currency - Clcik on US Dollar
13:54:57.108 [TestNG-tests-1] INFO  testCases.TC_028_Currency - Finsihed TC_028_Currency
13:54:57.124 [AsyncHttpClient-1-4] TRACE io.netty.handler.codec.http.websocketx.WebSocket08FrameEncoder - Encoding WebSocket Frame opCode=8 length=26
13:56:33.763 [TestNG-tests-1] DEBUG io.netty.util.internal.logging.InternalLoggerFactory - Using Log4J2 as the default logging framework
13:56:33.771 [TestNG-tests-1] DEBUG io.netty.util.ResourceLeakDetector - -Dio.netty.leakDetection.level: simple
13:56:33.772 [TestNG-tests-1] DEBUG io.netty.util.ResourceLeakDetector - -Dio.netty.leakDetection.targetRecords: 4
13:56:33.775 [TestNG-tests-1] DEBUG io.netty.util.ResourceLeakDetectorFactory - Loaded default ResourceLeakDetector: io.netty.util.ResourceLeakDetector@2e8988ff
13:56:33.790 [TestNG-tests-1] DEBUG io.netty.util.internal.PlatformDependent - Platform: Windows
13:56:33.792 [TestNG-tests-1] DEBUG io.netty.util.internal.PlatformDependent0 - -Dio.netty.noUnsafe: false
13:56:33.792 [TestNG-tests-1] DEBUG io.netty.util.internal.PlatformDependent0 - Java version: 8
13:56:33.793 [TestNG-tests-1] DEBUG io.netty.util.internal.PlatformDependent0 - sun.misc.Unsafe.theUnsafe: available
13:56:33.794 [TestNG-tests-1] DEBUG io.netty.util.internal.PlatformDependent0 - sun.misc.Unsafe.copyMemory: available
13:56:33.794 [TestNG-tests-1] DEBUG io.netty.util.internal.PlatformDependent0 - java.nio.Buffer.address: available
13:56:33.794 [TestNG-tests-1] DEBUG io.netty.util.internal.PlatformDependent0 - direct buffer constructor: available
13:56:33.795 [TestNG-tests-1] DEBUG io.netty.util.internal.PlatformDependent0 - java.nio.Bits.unaligned: available, true
13:56:33.795 [TestNG-tests-1] DEBUG io.netty.util.internal.PlatformDependent0 - jdk.internal.misc.Unsafe.allocateUninitializedArray(int): unavailable prior to Java9
13:56:33.795 [TestNG-tests-1] DEBUG io.netty.util.internal.PlatformDependent0 - java.nio.DirectByteBuffer.<init>(long, int): available
13:56:33.795 [TestNG-tests-1] DEBUG io.netty.util.internal.PlatformDependent - sun.misc.Unsafe: available
13:56:33.797 [TestNG-tests-1] DEBUG io.netty.util.internal.PlatformDependent - -Dio.netty.tmpdir: C:\Users\VenuM\AppData\Local\Temp (java.io.tmpdir)
13:56:33.798 [TestNG-tests-1] DEBUG io.netty.util.internal.PlatformDependent - -Dio.netty.bitMode: 64 (sun.arch.data.model)
13:56:33.802 [TestNG-tests-1] DEBUG io.netty.util.internal.PlatformDependent - -Dio.netty.maxDirectMemory: 2833776640 bytes
13:56:33.803 [TestNG-tests-1] DEBUG io.netty.util.internal.PlatformDependent - -Dio.netty.uninitializedArrayAllocationThreshold: -1
13:56:33.807 [TestNG-tests-1] DEBUG io.netty.util.internal.CleanerJava6 - java.nio.ByteBuffer.cleaner(): available
13:56:33.808 [TestNG-tests-1] DEBUG io.netty.util.internal.PlatformDependent - -Dio.netty.noPreferDirect: false
13:56:33.826 [TestNG-tests-1] DEBUG io.netty.util.internal.PlatformDependent - org.jctools-core.MpscChunkedArrayQueue: available
13:56:33.893 [TestNG-tests-1] DEBUG io.netty.util.internal.InternalThreadLocalMap - -Dio.netty.threadLocalMap.stringBuilder.initialSize: 1024
13:56:33.894 [TestNG-tests-1] DEBUG io.netty.util.internal.InternalThreadLocalMap - -Dio.netty.threadLocalMap.stringBuilder.maxSize: 4096
13:56:33.920 [TestNG-tests-1] DEBUG io.netty.handler.ssl.JdkSslContext - Default protocols (JDK): [TLSv1.2, TLSv1.1, TLSv1] 
13:56:33.920 [TestNG-tests-1] DEBUG io.netty.handler.ssl.JdkSslContext - Default cipher suites (JDK): [TLS_ECDHE_ECDSA_WITH_AES_256_GCM_SHA384, TLS_ECDHE_ECDSA_WITH_AES_128_GCM_SHA256, TLS_ECDHE_RSA_WITH_AES_128_GCM_SHA256, TLS_ECDHE_RSA_WITH_AES_256_GCM_SHA384, TLS_ECDHE_RSA_WITH_AES_128_CBC_SHA, TLS_ECDHE_RSA_WITH_AES_256_CBC_SHA, TLS_RSA_WITH_AES_128_GCM_SHA256, TLS_RSA_WITH_AES_128_CBC_SHA, TLS_RSA_WITH_AES_256_CBC_SHA, TLS_AES_128_GCM_SHA256, TLS_AES_256_GCM_SHA384]
13:56:33.943 [TestNG-tests-1] DEBUG io.netty.channel.MultithreadEventLoopGroup - -Dio.netty.eventLoopThreads: 12
13:56:33.962 [TestNG-tests-1] DEBUG io.netty.channel.nio.NioEventLoop - -Dio.netty.noKeySetOptimization: false
13:56:33.962 [TestNG-tests-1] DEBUG io.netty.channel.nio.NioEventLoop - -Dio.netty.selectorAutoRebuildThreshold: 512
13:56:33.971 [TestNG-tests-1] TRACE io.netty.channel.nio.NioEventLoop - instrumented a special java.util.Set into: sun.nio.ch.WindowsSelectorImpl@5b992831
13:56:33.972 [TestNG-tests-1] TRACE io.netty.channel.nio.NioEventLoop - instrumented a special java.util.Set into: sun.nio.ch.WindowsSelectorImpl@48d49c76
13:56:33.972 [TestNG-tests-1] TRACE io.netty.channel.nio.NioEventLoop - instrumented a special java.util.Set into: sun.nio.ch.WindowsSelectorImpl@5a1efdfd
13:56:33.973 [TestNG-tests-1] TRACE io.netty.channel.nio.NioEventLoop - instrumented a special java.util.Set into: sun.nio.ch.WindowsSelectorImpl@31f40aca
13:56:33.974 [TestNG-tests-1] TRACE io.netty.channel.nio.NioEventLoop - instrumented a special java.util.Set into: sun.nio.ch.WindowsSelectorImpl@280f3c39
13:56:33.977 [TestNG-tests-1] TRACE io.netty.channel.nio.NioEventLoop - instrumented a special java.util.Set into: sun.nio.ch.WindowsSelectorImpl@44543262
13:56:33.980 [TestNG-tests-1] TRACE io.netty.channel.nio.NioEventLoop - instrumented a special java.util.Set into: sun.nio.ch.WindowsSelectorImpl@6988ce00
13:56:33.982 [TestNG-tests-1] TRACE io.netty.channel.nio.NioEventLoop - instrumented a special java.util.Set into: sun.nio.ch.WindowsSelectorImpl@78bb2ba1
13:56:33.985 [TestNG-tests-1] TRACE io.netty.channel.nio.NioEventLoop - instrumented a special java.util.Set into: sun.nio.ch.WindowsSelectorImpl@29843e7b
13:56:33.988 [TestNG-tests-1] TRACE io.netty.channel.nio.NioEventLoop - instrumented a special java.util.Set into: sun.nio.ch.WindowsSelectorImpl@4c26ce0b
13:56:33.990 [TestNG-tests-1] TRACE io.netty.channel.nio.NioEventLoop - instrumented a special java.util.Set into: sun.nio.ch.WindowsSelectorImpl@6371e141
13:56:33.990 [TestNG-tests-1] TRACE io.netty.channel.nio.NioEventLoop - instrumented a special java.util.Set into: sun.nio.ch.WindowsSelectorImpl@423628ad
13:56:34.009 [TestNG-tests-1] DEBUG io.netty.buffer.PooledByteBufAllocator - -Dio.netty.allocator.numHeapArenas: 12
13:56:34.009 [TestNG-tests-1] DEBUG io.netty.buffer.PooledByteBufAllocator - -Dio.netty.allocator.numDirectArenas: 12
13:56:34.009 [TestNG-tests-1] DEBUG io.netty.buffer.PooledByteBufAllocator - -Dio.netty.allocator.pageSize: 8192
13:56:34.009 [TestNG-tests-1] DEBUG io.netty.buffer.PooledByteBufAllocator - -Dio.netty.allocator.maxOrder: 11
13:56:34.009 [TestNG-tests-1] DEBUG io.netty.buffer.PooledByteBufAllocator - -Dio.netty.allocator.chunkSize: 16777216
13:56:34.009 [TestNG-tests-1] DEBUG io.netty.buffer.PooledByteBufAllocator - -Dio.netty.allocator.smallCacheSize: 256
13:56:34.009 [TestNG-tests-1] DEBUG io.netty.buffer.PooledByteBufAllocator - -Dio.netty.allocator.normalCacheSize: 64
13:56:34.009 [TestNG-tests-1] DEBUG io.netty.buffer.PooledByteBufAllocator - -Dio.netty.allocator.maxCachedBufferCapacity: 32768
13:56:34.009 [TestNG-tests-1] DEBUG io.netty.buffer.PooledByteBufAllocator - -Dio.netty.allocator.cacheTrimInterval: 8192
13:56:34.009 [TestNG-tests-1] DEBUG io.netty.buffer.PooledByteBufAllocator - -Dio.netty.allocator.cacheTrimIntervalMillis: 0
13:56:34.010 [TestNG-tests-1] DEBUG io.netty.buffer.PooledByteBufAllocator - -Dio.netty.allocator.useCacheForAllThreads: true
13:56:34.010 [TestNG-tests-1] DEBUG io.netty.buffer.PooledByteBufAllocator - -Dio.netty.allocator.maxCachedByteBuffersPerChunk: 1023
13:56:34.022 [TestNG-tests-1] DEBUG io.netty.buffer.ByteBufUtil - -Dio.netty.allocator.type: pooled
13:56:34.022 [TestNG-tests-1] DEBUG io.netty.buffer.ByteBufUtil - -Dio.netty.threadLocalDirectBufferSize: 0
13:56:34.022 [TestNG-tests-1] DEBUG io.netty.buffer.ByteBufUtil - -Dio.netty.maxThreadLocalCharBufferSize: 16384
13:56:34.834 [Forwarding newSession on session null to remote] DEBUG io.netty.channel.DefaultChannelId - -Dio.netty.processId: 18408 (auto-detected)
13:56:34.836 [Forwarding newSession on session null to remote] DEBUG io.netty.util.NetUtil - -Djava.net.preferIPv4Stack: false
13:56:34.836 [Forwarding newSession on session null to remote] DEBUG io.netty.util.NetUtil - -Djava.net.preferIPv6Addresses: false
13:56:34.976 [Forwarding newSession on session null to remote] DEBUG io.netty.util.NetUtilInitializations - Loopback interface: lo (Software Loopback Interface 1, 127.0.0.1)
13:56:34.977 [Forwarding newSession on session null to remote] DEBUG io.netty.util.NetUtil - Failed to get SOMAXCONN from sysctl and file \proc\sys\net\core\somaxconn. Default: 200
13:56:35.126 [Forwarding newSession on session null to remote] DEBUG io.netty.channel.DefaultChannelId - -Dio.netty.machineId: f4:39:09:ff:fe:34:9b:d5 (auto-detected)
13:56:35.170 [AsyncHttpClient-1-2] DEBUG io.netty.buffer.AbstractByteBuf - -Dio.netty.buffer.checkAccessible: true
13:56:35.171 [AsyncHttpClient-1-2] DEBUG io.netty.buffer.AbstractByteBuf - -Dio.netty.buffer.checkBounds: true
13:56:35.171 [AsyncHttpClient-1-2] DEBUG io.netty.util.ResourceLeakDetectorFactory - Loaded default ResourceLeakDetector: io.netty.util.ResourceLeakDetector@481b23f1
13:56:35.192 [AsyncHttpClient-1-2] DEBUG io.netty.util.Recycler - -Dio.netty.recycler.maxCapacityPerThread: 4096
13:56:35.192 [AsyncHttpClient-1-2] DEBUG io.netty.util.Recycler - -Dio.netty.recycler.maxSharedCapacityFactor: 2
13:56:35.192 [AsyncHttpClient-1-2] DEBUG io.netty.util.Recycler - -Dio.netty.recycler.linkCapacity: 16
13:56:35.193 [AsyncHttpClient-1-2] DEBUG io.netty.util.Recycler - -Dio.netty.recycler.ratio: 8
13:56:35.193 [AsyncHttpClient-1-2] DEBUG io.netty.util.Recycler - -Dio.netty.recycler.delayedQueue.ratio: 8
13:56:36.170 [TestNG-tests-1] DEBUG io.netty.util.internal.ThreadLocalRandom - -Dio.netty.initialSeedUniquifier: 0x0865af13fbc07c6d
13:56:36.216 [TestNG-tests-1] INFO  testCases.TC_028_Currency - Launched chrome Browser
13:56:36.239 [TestNG-tests-1] INFO  testCases.TC_028_Currency -  Starting TC_027_GiftCerticate
13:56:39.444 [TestNG-tests-1] INFO  testCases.TC_028_Currency - Home Page Displayed 
13:56:39.945 [TestNG-tests-1] INFO  testCases.TC_028_Currency - Clcik on currency
13:56:43.771 [TestNG-tests-1] INFO  testCases.TC_028_Currency - Clcik on US Dollar
13:56:48.771 [TestNG-tests-1] INFO  testCases.TC_028_Currency - Finsihed TC_028_Currency
13:56:48.808 [AsyncHttpClient-1-4] TRACE io.netty.handler.codec.http.websocketx.WebSocket08FrameEncoder - Encoding WebSocket Frame opCode=8 length=26
13:57:06.869 [TestNG-tests-1] DEBUG io.netty.util.internal.logging.InternalLoggerFactory - Using Log4J2 as the default logging framework
13:57:06.877 [TestNG-tests-1] DEBUG io.netty.util.ResourceLeakDetector - -Dio.netty.leakDetection.level: simple
13:57:06.877 [TestNG-tests-1] DEBUG io.netty.util.ResourceLeakDetector - -Dio.netty.leakDetection.targetRecords: 4
13:57:06.881 [TestNG-tests-1] DEBUG io.netty.util.ResourceLeakDetectorFactory - Loaded default ResourceLeakDetector: io.netty.util.ResourceLeakDetector@209d22fe
13:57:06.897 [TestNG-tests-1] DEBUG io.netty.util.internal.PlatformDependent - Platform: Windows
13:57:06.899 [TestNG-tests-1] DEBUG io.netty.util.internal.PlatformDependent0 - -Dio.netty.noUnsafe: false
13:57:06.899 [TestNG-tests-1] DEBUG io.netty.util.internal.PlatformDependent0 - Java version: 8
13:57:06.900 [TestNG-tests-1] DEBUG io.netty.util.internal.PlatformDependent0 - sun.misc.Unsafe.theUnsafe: available
13:57:06.900 [TestNG-tests-1] DEBUG io.netty.util.internal.PlatformDependent0 - sun.misc.Unsafe.copyMemory: available
13:57:06.901 [TestNG-tests-1] DEBUG io.netty.util.internal.PlatformDependent0 - java.nio.Buffer.address: available
13:57:06.901 [TestNG-tests-1] DEBUG io.netty.util.internal.PlatformDependent0 - direct buffer constructor: available
13:57:06.902 [TestNG-tests-1] DEBUG io.netty.util.internal.PlatformDependent0 - java.nio.Bits.unaligned: available, true
13:57:06.902 [TestNG-tests-1] DEBUG io.netty.util.internal.PlatformDependent0 - jdk.internal.misc.Unsafe.allocateUninitializedArray(int): unavailable prior to Java9
13:57:06.902 [TestNG-tests-1] DEBUG io.netty.util.internal.PlatformDependent0 - java.nio.DirectByteBuffer.<init>(long, int): available
13:57:06.902 [TestNG-tests-1] DEBUG io.netty.util.internal.PlatformDependent - sun.misc.Unsafe: available
13:57:06.902 [TestNG-tests-1] DEBUG io.netty.util.internal.PlatformDependent - -Dio.netty.tmpdir: C:\Users\VenuM\AppData\Local\Temp (java.io.tmpdir)
13:57:06.902 [TestNG-tests-1] DEBUG io.netty.util.internal.PlatformDependent - -Dio.netty.bitMode: 64 (sun.arch.data.model)
13:57:06.903 [TestNG-tests-1] DEBUG io.netty.util.internal.PlatformDependent - -Dio.netty.maxDirectMemory: 2833776640 bytes
13:57:06.903 [TestNG-tests-1] DEBUG io.netty.util.internal.PlatformDependent - -Dio.netty.uninitializedArrayAllocationThreshold: -1
13:57:06.904 [TestNG-tests-1] DEBUG io.netty.util.internal.CleanerJava6 - java.nio.ByteBuffer.cleaner(): available
13:57:06.904 [TestNG-tests-1] DEBUG io.netty.util.internal.PlatformDependent - -Dio.netty.noPreferDirect: false
13:57:06.912 [TestNG-tests-1] DEBUG io.netty.util.internal.PlatformDependent - org.jctools-core.MpscChunkedArrayQueue: available
13:57:06.930 [TestNG-tests-1] DEBUG io.netty.util.internal.InternalThreadLocalMap - -Dio.netty.threadLocalMap.stringBuilder.initialSize: 1024
13:57:06.930 [TestNG-tests-1] DEBUG io.netty.util.internal.InternalThreadLocalMap - -Dio.netty.threadLocalMap.stringBuilder.maxSize: 4096
13:57:06.949 [TestNG-tests-1] DEBUG io.netty.handler.ssl.JdkSslContext - Default protocols (JDK): [TLSv1.2, TLSv1.1, TLSv1] 
13:57:06.949 [TestNG-tests-1] DEBUG io.netty.handler.ssl.JdkSslContext - Default cipher suites (JDK): [TLS_ECDHE_ECDSA_WITH_AES_256_GCM_SHA384, TLS_ECDHE_ECDSA_WITH_AES_128_GCM_SHA256, TLS_ECDHE_RSA_WITH_AES_128_GCM_SHA256, TLS_ECDHE_RSA_WITH_AES_256_GCM_SHA384, TLS_ECDHE_RSA_WITH_AES_128_CBC_SHA, TLS_ECDHE_RSA_WITH_AES_256_CBC_SHA, TLS_RSA_WITH_AES_128_GCM_SHA256, TLS_RSA_WITH_AES_128_CBC_SHA, TLS_RSA_WITH_AES_256_CBC_SHA, TLS_AES_128_GCM_SHA256, TLS_AES_256_GCM_SHA384]
13:57:06.972 [TestNG-tests-1] DEBUG io.netty.channel.MultithreadEventLoopGroup - -Dio.netty.eventLoopThreads: 12
13:57:06.980 [TestNG-tests-1] DEBUG io.netty.channel.nio.NioEventLoop - -Dio.netty.noKeySetOptimization: false
13:57:06.980 [TestNG-tests-1] DEBUG io.netty.channel.nio.NioEventLoop - -Dio.netty.selectorAutoRebuildThreshold: 512
13:57:06.988 [TestNG-tests-1] TRACE io.netty.channel.nio.NioEventLoop - instrumented a special java.util.Set into: sun.nio.ch.WindowsSelectorImpl@5a43519d
13:57:06.989 [TestNG-tests-1] TRACE io.netty.channel.nio.NioEventLoop - instrumented a special java.util.Set into: sun.nio.ch.WindowsSelectorImpl@19cbab8c
13:57:06.989 [TestNG-tests-1] TRACE io.netty.channel.nio.NioEventLoop - instrumented a special java.util.Set into: sun.nio.ch.WindowsSelectorImpl@59c4ce91
13:57:06.990 [TestNG-tests-1] TRACE io.netty.channel.nio.NioEventLoop - instrumented a special java.util.Set into: sun.nio.ch.WindowsSelectorImpl@3636fa28
13:57:06.990 [TestNG-tests-1] TRACE io.netty.channel.nio.NioEventLoop - instrumented a special java.util.Set into: sun.nio.ch.WindowsSelectorImpl@a44a4b6
13:57:06.991 [TestNG-tests-1] TRACE io.netty.channel.nio.NioEventLoop - instrumented a special java.util.Set into: sun.nio.ch.WindowsSelectorImpl@4e17f9b9
13:57:06.992 [TestNG-tests-1] TRACE io.netty.channel.nio.NioEventLoop - instrumented a special java.util.Set into: sun.nio.ch.WindowsSelectorImpl@31d816ac
13:57:06.992 [TestNG-tests-1] TRACE io.netty.channel.nio.NioEventLoop - instrumented a special java.util.Set into: sun.nio.ch.WindowsSelectorImpl@30be5d05
13:57:06.993 [TestNG-tests-1] TRACE io.netty.channel.nio.NioEventLoop - instrumented a special java.util.Set into: sun.nio.ch.WindowsSelectorImpl@1ff02eb0
13:57:06.993 [TestNG-tests-1] TRACE io.netty.channel.nio.NioEventLoop - instrumented a special java.util.Set into: sun.nio.ch.WindowsSelectorImpl@6e5bc6c6
13:57:06.994 [TestNG-tests-1] TRACE io.netty.channel.nio.NioEventLoop - instrumented a special java.util.Set into: sun.nio.ch.WindowsSelectorImpl@1f47d0d7
13:57:06.994 [TestNG-tests-1] TRACE io.netty.channel.nio.NioEventLoop - instrumented a special java.util.Set into: sun.nio.ch.WindowsSelectorImpl@5dd3f04f
13:57:07.012 [TestNG-tests-1] DEBUG io.netty.buffer.PooledByteBufAllocator - -Dio.netty.allocator.numHeapArenas: 12
13:57:07.012 [TestNG-tests-1] DEBUG io.netty.buffer.PooledByteBufAllocator - -Dio.netty.allocator.numDirectArenas: 12
13:57:07.012 [TestNG-tests-1] DEBUG io.netty.buffer.PooledByteBufAllocator - -Dio.netty.allocator.pageSize: 8192
13:57:07.012 [TestNG-tests-1] DEBUG io.netty.buffer.PooledByteBufAllocator - -Dio.netty.allocator.maxOrder: 11
13:57:07.012 [TestNG-tests-1] DEBUG io.netty.buffer.PooledByteBufAllocator - -Dio.netty.allocator.chunkSize: 16777216
13:57:07.012 [TestNG-tests-1] DEBUG io.netty.buffer.PooledByteBufAllocator - -Dio.netty.allocator.smallCacheSize: 256
13:57:07.012 [TestNG-tests-1] DEBUG io.netty.buffer.PooledByteBufAllocator - -Dio.netty.allocator.normalCacheSize: 64
13:57:07.012 [TestNG-tests-1] DEBUG io.netty.buffer.PooledByteBufAllocator - -Dio.netty.allocator.maxCachedBufferCapacity: 32768
13:57:07.012 [TestNG-tests-1] DEBUG io.netty.buffer.PooledByteBufAllocator - -Dio.netty.allocator.cacheTrimInterval: 8192
13:57:07.012 [TestNG-tests-1] DEBUG io.netty.buffer.PooledByteBufAllocator - -Dio.netty.allocator.cacheTrimIntervalMillis: 0
13:57:07.012 [TestNG-tests-1] DEBUG io.netty.buffer.PooledByteBufAllocator - -Dio.netty.allocator.useCacheForAllThreads: true
13:57:07.013 [TestNG-tests-1] DEBUG io.netty.buffer.PooledByteBufAllocator - -Dio.netty.allocator.maxCachedByteBuffersPerChunk: 1023
13:57:07.021 [TestNG-tests-1] DEBUG io.netty.buffer.ByteBufUtil - -Dio.netty.allocator.type: pooled
13:57:07.021 [TestNG-tests-1] DEBUG io.netty.buffer.ByteBufUtil - -Dio.netty.threadLocalDirectBufferSize: 0
13:57:07.021 [TestNG-tests-1] DEBUG io.netty.buffer.ByteBufUtil - -Dio.netty.maxThreadLocalCharBufferSize: 16384
13:57:07.814 [Forwarding newSession on session null to remote] DEBUG io.netty.channel.DefaultChannelId - -Dio.netty.processId: 11616 (auto-detected)
13:57:07.816 [Forwarding newSession on session null to remote] DEBUG io.netty.util.NetUtil - -Djava.net.preferIPv4Stack: false
13:57:07.816 [Forwarding newSession on session null to remote] DEBUG io.netty.util.NetUtil - -Djava.net.preferIPv6Addresses: false
13:57:07.968 [Forwarding newSession on session null to remote] DEBUG io.netty.util.NetUtilInitializations - Loopback interface: lo (Software Loopback Interface 1, 127.0.0.1)
13:57:07.969 [Forwarding newSession on session null to remote] DEBUG io.netty.util.NetUtil - Failed to get SOMAXCONN from sysctl and file \proc\sys\net\core\somaxconn. Default: 200
13:57:08.124 [Forwarding newSession on session null to remote] DEBUG io.netty.channel.DefaultChannelId - -Dio.netty.machineId: f4:39:09:ff:fe:34:9b:d5 (auto-detected)
13:57:08.172 [AsyncHttpClient-1-2] DEBUG io.netty.buffer.AbstractByteBuf - -Dio.netty.buffer.checkAccessible: true
13:57:08.172 [AsyncHttpClient-1-2] DEBUG io.netty.buffer.AbstractByteBuf - -Dio.netty.buffer.checkBounds: true
13:57:08.172 [AsyncHttpClient-1-2] DEBUG io.netty.util.ResourceLeakDetectorFactory - Loaded default ResourceLeakDetector: io.netty.util.ResourceLeakDetector@77698c98
13:57:08.193 [AsyncHttpClient-1-2] DEBUG io.netty.util.Recycler - -Dio.netty.recycler.maxCapacityPerThread: 4096
13:57:08.193 [AsyncHttpClient-1-2] DEBUG io.netty.util.Recycler - -Dio.netty.recycler.maxSharedCapacityFactor: 2
13:57:08.194 [AsyncHttpClient-1-2] DEBUG io.netty.util.Recycler - -Dio.netty.recycler.linkCapacity: 16
13:57:08.194 [AsyncHttpClient-1-2] DEBUG io.netty.util.Recycler - -Dio.netty.recycler.ratio: 8
13:57:08.194 [AsyncHttpClient-1-2] DEBUG io.netty.util.Recycler - -Dio.netty.recycler.delayedQueue.ratio: 8
13:57:08.947 [TestNG-tests-1] DEBUG io.netty.util.internal.ThreadLocalRandom - -Dio.netty.initialSeedUniquifier: 0xf99020ab5f3c0012
13:57:08.977 [TestNG-tests-1] INFO  testCases.TC_028_Currency - Launched chrome Browser
13:57:08.995 [TestNG-tests-1] INFO  testCases.TC_028_Currency -  Starting TC_027_GiftCerticate
13:57:12.711 [TestNG-tests-1] INFO  testCases.TC_028_Currency - Home Page Displayed 
13:57:12.900 [TestNG-tests-1] INFO  testCases.TC_028_Currency - Clcik on currency
13:57:16.676 [TestNG-tests-1] INFO  testCases.TC_028_Currency - Clcik on US Dollar
13:57:21.677 [TestNG-tests-1] INFO  testCases.TC_028_Currency - Finsihed TC_028_Currency
13:57:21.694 [AsyncHttpClient-1-4] TRACE io.netty.handler.codec.http.websocketx.WebSocket08FrameEncoder - Encoding WebSocket Frame opCode=8 length=26
14:47:11.883 [TestNG-tests-1] DEBUG io.netty.util.internal.logging.InternalLoggerFactory - Using Log4J2 as the default logging framework
14:47:11.891 [TestNG-tests-1] DEBUG io.netty.util.ResourceLeakDetector - -Dio.netty.leakDetection.level: simple
14:47:11.891 [TestNG-tests-1] DEBUG io.netty.util.ResourceLeakDetector - -Dio.netty.leakDetection.targetRecords: 4
14:47:11.894 [TestNG-tests-1] DEBUG io.netty.util.ResourceLeakDetectorFactory - Loaded default ResourceLeakDetector: io.netty.util.ResourceLeakDetector@1d9cc63f
14:47:11.909 [TestNG-tests-1] DEBUG io.netty.util.internal.PlatformDependent - Platform: Windows
14:47:11.911 [TestNG-tests-1] DEBUG io.netty.util.internal.PlatformDependent0 - -Dio.netty.noUnsafe: false
14:47:11.911 [TestNG-tests-1] DEBUG io.netty.util.internal.PlatformDependent0 - Java version: 8
14:47:11.912 [TestNG-tests-1] DEBUG io.netty.util.internal.PlatformDependent0 - sun.misc.Unsafe.theUnsafe: available
14:47:11.912 [TestNG-tests-1] DEBUG io.netty.util.internal.PlatformDependent0 - sun.misc.Unsafe.copyMemory: available
14:47:11.912 [TestNG-tests-1] DEBUG io.netty.util.internal.PlatformDependent0 - java.nio.Buffer.address: available
14:47:11.913 [TestNG-tests-1] DEBUG io.netty.util.internal.PlatformDependent0 - direct buffer constructor: available
14:47:11.913 [TestNG-tests-1] DEBUG io.netty.util.internal.PlatformDependent0 - java.nio.Bits.unaligned: available, true
14:47:11.913 [TestNG-tests-1] DEBUG io.netty.util.internal.PlatformDependent0 - jdk.internal.misc.Unsafe.allocateUninitializedArray(int): unavailable prior to Java9
14:47:11.913 [TestNG-tests-1] DEBUG io.netty.util.internal.PlatformDependent0 - java.nio.DirectByteBuffer.<init>(long, int): available
14:47:11.914 [TestNG-tests-1] DEBUG io.netty.util.internal.PlatformDependent - sun.misc.Unsafe: available
14:47:11.914 [TestNG-tests-1] DEBUG io.netty.util.internal.PlatformDependent - -Dio.netty.tmpdir: C:\Users\VenuM\AppData\Local\Temp (java.io.tmpdir)
14:47:11.914 [TestNG-tests-1] DEBUG io.netty.util.internal.PlatformDependent - -Dio.netty.bitMode: 64 (sun.arch.data.model)
14:47:11.915 [TestNG-tests-1] DEBUG io.netty.util.internal.PlatformDependent - -Dio.netty.maxDirectMemory: 2833776640 bytes
14:47:11.915 [TestNG-tests-1] DEBUG io.netty.util.internal.PlatformDependent - -Dio.netty.uninitializedArrayAllocationThreshold: -1
14:47:11.916 [TestNG-tests-1] DEBUG io.netty.util.internal.CleanerJava6 - java.nio.ByteBuffer.cleaner(): available
14:47:11.916 [TestNG-tests-1] DEBUG io.netty.util.internal.PlatformDependent - -Dio.netty.noPreferDirect: false
14:47:11.924 [TestNG-tests-1] DEBUG io.netty.util.internal.PlatformDependent - org.jctools-core.MpscChunkedArrayQueue: available
14:47:11.974 [TestNG-tests-1] DEBUG io.netty.util.internal.InternalThreadLocalMap - -Dio.netty.threadLocalMap.stringBuilder.initialSize: 1024
14:47:11.974 [TestNG-tests-1] DEBUG io.netty.util.internal.InternalThreadLocalMap - -Dio.netty.threadLocalMap.stringBuilder.maxSize: 4096
14:47:12.004 [TestNG-tests-1] DEBUG io.netty.handler.ssl.JdkSslContext - Default protocols (JDK): [TLSv1.2, TLSv1.1, TLSv1] 
14:47:12.004 [TestNG-tests-1] DEBUG io.netty.handler.ssl.JdkSslContext - Default cipher suites (JDK): [TLS_ECDHE_ECDSA_WITH_AES_256_GCM_SHA384, TLS_ECDHE_ECDSA_WITH_AES_128_GCM_SHA256, TLS_ECDHE_RSA_WITH_AES_128_GCM_SHA256, TLS_ECDHE_RSA_WITH_AES_256_GCM_SHA384, TLS_ECDHE_RSA_WITH_AES_128_CBC_SHA, TLS_ECDHE_RSA_WITH_AES_256_CBC_SHA, TLS_RSA_WITH_AES_128_GCM_SHA256, TLS_RSA_WITH_AES_128_CBC_SHA, TLS_RSA_WITH_AES_256_CBC_SHA, TLS_AES_128_GCM_SHA256, TLS_AES_256_GCM_SHA384]
14:47:12.028 [TestNG-tests-1] DEBUG io.netty.channel.MultithreadEventLoopGroup - -Dio.netty.eventLoopThreads: 12
14:47:12.036 [TestNG-tests-1] DEBUG io.netty.channel.nio.NioEventLoop - -Dio.netty.noKeySetOptimization: false
14:47:12.037 [TestNG-tests-1] DEBUG io.netty.channel.nio.NioEventLoop - -Dio.netty.selectorAutoRebuildThreshold: 512
14:47:12.044 [TestNG-tests-1] TRACE io.netty.channel.nio.NioEventLoop - instrumented a special java.util.Set into: sun.nio.ch.WindowsSelectorImpl@66106b62
14:47:12.045 [TestNG-tests-1] TRACE io.netty.channel.nio.NioEventLoop - instrumented a special java.util.Set into: sun.nio.ch.WindowsSelectorImpl@54201043
14:47:12.046 [TestNG-tests-1] TRACE io.netty.channel.nio.NioEventLoop - instrumented a special java.util.Set into: sun.nio.ch.WindowsSelectorImpl@310e3ade
14:47:12.046 [TestNG-tests-1] TRACE io.netty.channel.nio.NioEventLoop - instrumented a special java.util.Set into: sun.nio.ch.WindowsSelectorImpl@576659da
14:47:12.047 [TestNG-tests-1] TRACE io.netty.channel.nio.NioEventLoop - instrumented a special java.util.Set into: sun.nio.ch.WindowsSelectorImpl@19642158
14:47:12.047 [TestNG-tests-1] TRACE io.netty.channel.nio.NioEventLoop - instrumented a special java.util.Set into: sun.nio.ch.WindowsSelectorImpl@4d12983f
14:47:12.048 [TestNG-tests-1] TRACE io.netty.channel.nio.NioEventLoop - instrumented a special java.util.Set into: sun.nio.ch.WindowsSelectorImpl@d0a8389
14:47:12.049 [TestNG-tests-1] TRACE io.netty.channel.nio.NioEventLoop - instrumented a special java.util.Set into: sun.nio.ch.WindowsSelectorImpl@68c7b37b
14:47:12.049 [TestNG-tests-1] TRACE io.netty.channel.nio.NioEventLoop - instrumented a special java.util.Set into: sun.nio.ch.WindowsSelectorImpl@501121da
14:47:12.050 [TestNG-tests-1] TRACE io.netty.channel.nio.NioEventLoop - instrumented a special java.util.Set into: sun.nio.ch.WindowsSelectorImpl@91b9887
14:47:12.054 [TestNG-tests-1] TRACE io.netty.channel.nio.NioEventLoop - instrumented a special java.util.Set into: sun.nio.ch.WindowsSelectorImpl@50d454e6
14:47:12.059 [TestNG-tests-1] TRACE io.netty.channel.nio.NioEventLoop - instrumented a special java.util.Set into: sun.nio.ch.WindowsSelectorImpl@55d69ec
14:47:12.083 [TestNG-tests-1] DEBUG io.netty.buffer.PooledByteBufAllocator - -Dio.netty.allocator.numHeapArenas: 12
14:47:12.083 [TestNG-tests-1] DEBUG io.netty.buffer.PooledByteBufAllocator - -Dio.netty.allocator.numDirectArenas: 12
14:47:12.083 [TestNG-tests-1] DEBUG io.netty.buffer.PooledByteBufAllocator - -Dio.netty.allocator.pageSize: 8192
14:47:12.083 [TestNG-tests-1] DEBUG io.netty.buffer.PooledByteBufAllocator - -Dio.netty.allocator.maxOrder: 11
14:47:12.083 [TestNG-tests-1] DEBUG io.netty.buffer.PooledByteBufAllocator - -Dio.netty.allocator.chunkSize: 16777216
14:47:12.083 [TestNG-tests-1] DEBUG io.netty.buffer.PooledByteBufAllocator - -Dio.netty.allocator.smallCacheSize: 256
14:47:12.083 [TestNG-tests-1] DEBUG io.netty.buffer.PooledByteBufAllocator - -Dio.netty.allocator.normalCacheSize: 64
14:47:12.083 [TestNG-tests-1] DEBUG io.netty.buffer.PooledByteBufAllocator - -Dio.netty.allocator.maxCachedBufferCapacity: 32768
14:47:12.083 [TestNG-tests-1] DEBUG io.netty.buffer.PooledByteBufAllocator - -Dio.netty.allocator.cacheTrimInterval: 8192
14:47:12.083 [TestNG-tests-1] DEBUG io.netty.buffer.PooledByteBufAllocator - -Dio.netty.allocator.cacheTrimIntervalMillis: 0
14:47:12.083 [TestNG-tests-1] DEBUG io.netty.buffer.PooledByteBufAllocator - -Dio.netty.allocator.useCacheForAllThreads: true
14:47:12.083 [TestNG-tests-1] DEBUG io.netty.buffer.PooledByteBufAllocator - -Dio.netty.allocator.maxCachedByteBuffersPerChunk: 1023
14:47:12.092 [TestNG-tests-1] DEBUG io.netty.buffer.ByteBufUtil - -Dio.netty.allocator.type: pooled
14:47:12.092 [TestNG-tests-1] DEBUG io.netty.buffer.ByteBufUtil - -Dio.netty.threadLocalDirectBufferSize: 0
14:47:12.093 [TestNG-tests-1] DEBUG io.netty.buffer.ByteBufUtil - -Dio.netty.maxThreadLocalCharBufferSize: 16384
14:47:12.886 [Forwarding newSession on session null to remote] DEBUG io.netty.channel.DefaultChannelId - -Dio.netty.processId: 22404 (auto-detected)
14:47:12.888 [Forwarding newSession on session null to remote] DEBUG io.netty.util.NetUtil - -Djava.net.preferIPv4Stack: false
14:47:12.888 [Forwarding newSession on session null to remote] DEBUG io.netty.util.NetUtil - -Djava.net.preferIPv6Addresses: false
14:47:13.032 [Forwarding newSession on session null to remote] DEBUG io.netty.util.NetUtilInitializations - Loopback interface: lo (Software Loopback Interface 1, 127.0.0.1)
14:47:13.033 [Forwarding newSession on session null to remote] DEBUG io.netty.util.NetUtil - Failed to get SOMAXCONN from sysctl and file \proc\sys\net\core\somaxconn. Default: 200
14:47:13.185 [Forwarding newSession on session null to remote] DEBUG io.netty.channel.DefaultChannelId - -Dio.netty.machineId: f4:39:09:ff:fe:34:9b:d5 (auto-detected)
14:47:13.230 [AsyncHttpClient-1-2] DEBUG io.netty.buffer.AbstractByteBuf - -Dio.netty.buffer.checkAccessible: true
14:47:13.230 [AsyncHttpClient-1-2] DEBUG io.netty.buffer.AbstractByteBuf - -Dio.netty.buffer.checkBounds: true
14:47:13.230 [AsyncHttpClient-1-2] DEBUG io.netty.util.ResourceLeakDetectorFactory - Loaded default ResourceLeakDetector: io.netty.util.ResourceLeakDetector@101cf62c
14:47:13.251 [AsyncHttpClient-1-2] DEBUG io.netty.util.Recycler - -Dio.netty.recycler.maxCapacityPerThread: 4096
14:47:13.251 [AsyncHttpClient-1-2] DEBUG io.netty.util.Recycler - -Dio.netty.recycler.maxSharedCapacityFactor: 2
14:47:13.252 [AsyncHttpClient-1-2] DEBUG io.netty.util.Recycler - -Dio.netty.recycler.linkCapacity: 16
14:47:13.252 [AsyncHttpClient-1-2] DEBUG io.netty.util.Recycler - -Dio.netty.recycler.ratio: 8
14:47:13.252 [AsyncHttpClient-1-2] DEBUG io.netty.util.Recycler - -Dio.netty.recycler.delayedQueue.ratio: 8
14:47:14.045 [TestNG-tests-1] DEBUG io.netty.util.internal.ThreadLocalRandom - -Dio.netty.initialSeedUniquifier: 0x24c202c8ca55fc7c
14:47:14.075 [TestNG-tests-1] INFO  testCases.TC_006_ProductCompare - Launched chrome Browser
14:47:14.104 [TestNG-tests-1] INFO  testCases.TC_006_ProductCompare - Strating TC_006_ProductCompare
14:47:17.699 [TestNG-tests-1] INFO  testCases.TC_006_ProductCompare - Home Page Displayed 
14:47:20.896 [TestNG-tests-1] INFO  testCases.TC_006_ProductCompare - Enter any Product
14:47:24.685 [TestNG-tests-1] INFO  testCases.TC_006_ProductCompare - product displayed on HomePage
14:47:27.741 [TestNG-tests-1] INFO  testCases.TC_006_ProductCompare - products comparing
14:47:31.458 [AsyncHttpClient-1-4] TRACE io.netty.handler.codec.http.websocketx.WebSocket08FrameEncoder - Encoding WebSocket Frame opCode=8 length=26
14:47:33.326 [TestNG-tests-1] INFO  testCases.TC_003_LoginDDT - Launched chrome Browser
14:47:36.793 [TestNG-tests-1] INFO  testCases.TC_003_LoginDDT -  Starting TC_003_LoginDDT 
14:47:38.579 [TestNG-tests-1] INFO  testCases.TC_003_LoginDDT - Home Page Displayed 
14:47:38.768 [TestNG-tests-1] INFO  testCases.TC_003_LoginDDT - Clicked on My Account 
14:47:39.779 [TestNG-tests-1] INFO  testCases.TC_003_LoginDDT - Clicked on Login 
14:47:39.852 [TestNG-tests-1] INFO  testCases.TC_003_LoginDDT - Provided Email 
14:47:39.914 [TestNG-tests-1] INFO  testCases.TC_003_LoginDDT - Provided Password 
14:47:40.482 [TestNG-tests-1] INFO  testCases.TC_003_LoginDDT - Clicked on Login
14:47:50.526 [TestNG-tests-1] ERROR testCases.TC_003_LoginDDT - Login Failed 
14:47:50.534 [TestNG-tests-1] INFO  testCases.TC_003_LoginDDT -  Starting TC_003_LoginDDT 
14:47:51.029 [TestNG-tests-1] INFO  testCases.TC_003_LoginDDT - Home Page Displayed 
14:47:51.071 [TestNG-tests-1] INFO  testCases.TC_003_LoginDDT - Clicked on My Account 
14:47:51.491 [TestNG-tests-1] INFO  testCases.TC_003_LoginDDT - Clicked on Login 
14:47:51.545 [TestNG-tests-1] INFO  testCases.TC_003_LoginDDT - Provided Email 
14:47:51.595 [TestNG-tests-1] INFO  testCases.TC_003_LoginDDT - Provided Password 
14:47:52.152 [TestNG-tests-1] INFO  testCases.TC_003_LoginDDT - Clicked on Login
14:48:02.178 [TestNG-tests-1] ERROR testCases.TC_003_LoginDDT - Login Failed 
14:48:02.178 [TestNG-tests-1] INFO  testCases.TC_003_LoginDDT -  Finished TC_003_LoginDDT 
14:48:02.182 [TestNG-tests-1] INFO  testCases.TC_003_LoginDDT -  Starting TC_003_LoginDDT 
14:48:02.619 [TestNG-tests-1] INFO  testCases.TC_003_LoginDDT - Home Page Displayed 
14:48:02.667 [TestNG-tests-1] INFO  testCases.TC_003_LoginDDT - Clicked on My Account 
14:48:03.113 [TestNG-tests-1] INFO  testCases.TC_003_LoginDDT - Clicked on Login 
14:48:03.172 [TestNG-tests-1] INFO  testCases.TC_003_LoginDDT - Provided Email 
14:48:03.225 [TestNG-tests-1] INFO  testCases.TC_003_LoginDDT - Provided Password 
14:48:03.805 [TestNG-tests-1] INFO  testCases.TC_003_LoginDDT - Clicked on Login
14:48:13.862 [TestNG-tests-1] ERROR testCases.TC_003_LoginDDT - Login Failed 
14:48:13.863 [TestNG-tests-1] INFO  testCases.TC_003_LoginDDT -  Finished TC_003_LoginDDT 
14:48:13.868 [TestNG-tests-1] INFO  testCases.TC_003_LoginDDT -  Starting TC_003_LoginDDT 
14:48:14.313 [TestNG-tests-1] INFO  testCases.TC_003_LoginDDT - Home Page Displayed 
14:48:14.362 [TestNG-tests-1] INFO  testCases.TC_003_LoginDDT - Clicked on My Account 
14:48:14.815 [TestNG-tests-1] INFO  testCases.TC_003_LoginDDT - Clicked on Login 
14:48:14.873 [TestNG-tests-1] INFO  testCases.TC_003_LoginDDT - Provided Email 
14:48:14.925 [TestNG-tests-1] INFO  testCases.TC_003_LoginDDT - Provided Password 
14:48:15.513 [TestNG-tests-1] INFO  testCases.TC_003_LoginDDT - Clicked on Login
14:48:25.570 [TestNG-tests-1] ERROR testCases.TC_003_LoginDDT - Login Failed 
14:48:25.570 [TestNG-tests-1] INFO  testCases.TC_003_LoginDDT -  Finished TC_003_LoginDDT 
14:48:25.571 [AsyncHttpClient-1-7] TRACE io.netty.handler.codec.http.websocketx.WebSocket08FrameEncoder - Encoding WebSocket Frame opCode=8 length=26
14:48:27.478 [TestNG-tests-1] INFO  testCases.TC_005_Addcart - Launched chrome Browser
14:48:27.481 [TestNG-tests-1] INFO  testCases.TC_005_Addcart - Starting TC_005_Addcart
14:48:28.891 [TestNG-tests-1] INFO  testCases.TC_005_Addcart - Home Page Displayed 
14:48:32.090 [TestNG-tests-1] INFO  testCases.TC_005_Addcart - Enter any Product
14:48:35.757 [TestNG-tests-1] INFO  testCases.TC_005_Addcart - product displayed on HomePage
14:48:35.809 [TestNG-tests-1] INFO  testCases.TC_005_Addcart - product added to cart
14:48:37.834 [TestNG-tests-1] ERROR testCases.TC_005_Addcart - Search Page Failed 
14:48:38.196 [AsyncHttpClient-1-10] TRACE io.netty.handler.codec.http.websocketx.WebSocket08FrameEncoder - Encoding WebSocket Frame opCode=8 length=26
14:48:40.196 [TestNG-tests-1] INFO  testCases.TC_004Search - Launched chrome Browser
14:48:40.198 [TestNG-tests-1] INFO  testCases.TC_004Search -  Starting TC_004_Search 
14:48:41.919 [TestNG-tests-1] INFO  testCases.TC_004Search - Home Page Displayed 
14:48:44.099 [TestNG-tests-1] INFO  testCases.TC_004Search - Enter any Product
14:48:55.780 [TestNG-tests-1] ERROR testCases.TC_004Search - Search Success 
14:48:56.063 [TestNG-tests-1] INFO  testCases.TC_004Search -  Finished TC_004Search 
14:48:56.068 [AsyncHttpClient-1-13] TRACE io.netty.handler.codec.http.websocketx.WebSocket08FrameEncoder - Encoding WebSocket Frame opCode=8 length=26
14:48:57.960 [TestNG-tests-1] INFO  testCases.TC_007_WishList - Launched chrome Browser
14:48:57.963 [TestNG-tests-1] INFO  testCases.TC_007_WishList - Starting TC_007_WishList
14:49:00.285 [TestNG-tests-1] INFO  testCases.TC_007_WishList - Home Page Displayed 
14:49:02.480 [TestNG-tests-1] INFO  testCases.TC_007_WishList - Enter any Product
14:49:13.158 [TestNG-tests-1] INFO  testCases.TC_007_WishList - Provided Email 
14:49:13.228 [TestNG-tests-1] INFO  testCases.TC_007_WishList - Provided Password 
14:49:14.196 [TestNG-tests-1] INFO  testCases.TC_007_WishList - Clicked on Login
14:49:24.231 [TestNG-tests-1] ERROR testCases.TC_007_WishList - Search Success 
14:49:24.556 [TestNG-tests-1] INFO  testCases.TC_007_WishList -  Finished TC_007_WishList 
14:49:24.560 [AsyncHttpClient-1-4] TRACE io.netty.handler.codec.http.websocketx.WebSocket08FrameEncoder - Encoding WebSocket Frame opCode=8 length=26
14:49:26.378 [TestNG-tests-1] INFO  testCases.TC_009_ForgotPassword - Launched chrome Browser
14:49:26.382 [TestNG-tests-1] INFO  testCases.TC_009_ForgotPassword - Starting TC_009_ForgotPassword
14:49:28.297 [TestNG-tests-1] INFO  testCases.TC_009_ForgotPassword - Home Page Displayed 
14:49:28.526 [TestNG-tests-1] INFO  testCases.TC_009_ForgotPassword - Clicked on My Account 
14:49:29.307 [TestNG-tests-1] INFO  testCases.TC_009_ForgotPassword - Clicked on Login 
14:49:29.374 [TestNG-tests-1] INFO  testCases.TC_009_ForgotPassword - Provided Email 
14:49:33.160 [TestNG-tests-1] INFO  testCases.TC_009_ForgotPassword - Provided confirmation email
14:49:36.358 [TestNG-tests-1] INFO  testCases.TC_009_ForgotPassword - Finished TC_009_ForgotPassword
14:49:39.361 [AsyncHttpClient-1-7] TRACE io.netty.handler.codec.http.websocketx.WebSocket08FrameEncoder - Encoding WebSocket Frame opCode=8 length=26
14:49:41.208 [TestNG-tests-1] INFO  testCases.TC_008_ProductDisplayPage - Launched chrome Browser
14:49:41.216 [TestNG-tests-1] INFO  testCases.TC_008_ProductDisplayPage - Starting TC_008_ProductDisplayPage
14:49:45.359 [TestNG-tests-1] INFO  testCases.TC_008_ProductDisplayPage - Home Page Displayed 
14:49:47.530 [TestNG-tests-1] INFO  testCases.TC_008_ProductDisplayPage - Enter any Product
14:49:49.181 [TestNG-tests-1] INFO  testCases.TC_008_ProductDisplayPage - click the search button
14:49:52.135 [TestNG-tests-1] INFO  testCases.TC_008_ProductDisplayPage - click the image
14:49:54.859 [TestNG-tests-1] INFO  testCases.TC_008_ProductDisplayPage - click the Product
14:49:54.925 [TestNG-tests-1] INFO  testCases.TC_008_ProductDisplayPage - click the Product Review
14:49:57.984 [TestNG-tests-1] INFO  testCases.TC_008_ProductDisplayPage - ProductDisplayPage  success 
14:49:57.984 [TestNG-tests-1] INFO  testCases.TC_008_ProductDisplayPage -  Finished TC_008_ProductDisplayPage
14:49:57.988 [AsyncHttpClient-1-10] TRACE io.netty.handler.codec.http.websocketx.WebSocket08FrameEncoder - Encoding WebSocket Frame opCode=8 length=26
14:49:59.834 [TestNG-tests-1] INFO  testCases.TC_010_ShoppingCart - Launched chrome Browser
14:49:59.837 [TestNG-tests-1] INFO  testCases.TC_010_ShoppingCart - Starting TC_010_ShoppingCart
14:50:03.807 [TestNG-tests-1] INFO  testCases.TC_010_ShoppingCart - Home Page Displayed 
14:50:04.004 [TestNG-tests-1] INFO  testCases.TC_010_ShoppingCart - Search iMac is  Displayed 
14:50:05.171 [TestNG-tests-1] INFO  testCases.TC_010_ShoppingCart - Search Button clicked 
14:50:08.214 [TestNG-tests-1] INFO  testCases.TC_010_ShoppingCart - Add to Cart clicked 
14:50:13.747 [TestNG-tests-1] INFO  testCases.TC_010_ShoppingCart - Shopping Cart clicked 
14:50:18.797 [TestNG-tests-1] INFO  testCases.TC_010_ShoppingCart - Use Coupon Code Clicked
14:50:20.880 [TestNG-tests-1] INFO  testCases.TC_010_ShoppingCart - Entered Use Coupon Code 
14:50:20.935 [TestNG-tests-1] INFO  testCases.TC_010_ShoppingCart - Estimated Shipping and Taxes clicked
14:50:22.061 [TestNG-tests-1] INFO  testCases.TC_010_ShoppingCart - Selected Country
14:50:25.135 [TestNG-tests-1] INFO  testCases.TC_010_ShoppingCart - Selected State
14:50:26.188 [TestNG-tests-1] INFO  testCases.TC_010_ShoppingCart - Selected PostCode
14:50:27.240 [TestNG-tests-1] INFO  testCases.TC_010_ShoppingCart - Get Quotes button clicked
14:50:27.627 [TestNG-tests-1] INFO  testCases.TC_010_ShoppingCart - Selected Radio button
14:50:28.676 [TestNG-tests-1] INFO  testCases.TC_010_ShoppingCart - Clicked Apply Shippiment
14:50:33.726 [TestNG-tests-1] INFO  testCases.TC_010_ShoppingCart - Selected Use Gift Certificate
14:50:33.889 [TestNG-tests-1] INFO  testCases.TC_010_ShoppingCart - Entered Gift certificate cade entered in the text box
14:50:34.947 [TestNG-tests-1] INFO  testCases.TC_010_ShoppingCart - clicked Entered Apply Gift Certificate
14:50:36.460 [TestNG-tests-1] INFO  testCases.TC_010_ShoppingCart - click on Continue Shopping
14:50:39.462 [AsyncHttpClient-1-13] TRACE io.netty.handler.codec.http.websocketx.WebSocket08FrameEncoder - Encoding WebSocket Frame opCode=8 length=26
14:50:41.467 [TestNG-tests-1] INFO  testCases.TC_011_Checkout - Launched chrome Browser
14:50:41.469 [TestNG-tests-1] INFO  testCases.TC_011_Checkout -  Starting TC_004_Search 
14:50:44.947 [TestNG-tests-1] INFO  testCases.TC_011_Checkout - Home Page Displayed 
14:50:47.338 [TestNG-tests-1] INFO  testCases.TC_011_Checkout - Enter any Product
14:50:47.957 [TestNG-tests-1] INFO  testCases.TC_011_Checkout - click on the search button
14:50:49.012 [TestNG-tests-1] INFO  testCases.TC_011_Checkout - click on the add to cart button
14:50:50.055 [TestNG-tests-1] INFO  testCases.TC_011_Checkout - click on the view cart
14:50:53.665 [TestNG-tests-1] INFO  testCases.TC_011_Checkout - click on the shopping cart
14:50:57.466 [TestNG-tests-1] INFO  testCases.TC_011_Checkout - click on the Checkout
14:50:58.503 [TestNG-tests-1] INFO  testCases.TC_011_Checkout - Checkout Failed 
14:50:59.043 [AsyncHttpClient-1-4] TRACE io.netty.handler.codec.http.websocketx.WebSocket08FrameEncoder - Encoding WebSocket Frame opCode=8 length=26
14:51:00.967 [TestNG-tests-1] INFO  testCases.TC_012_MyAccount - Launched chrome Browser
14:51:00.969 [TestNG-tests-1] INFO  testCases.TC_012_MyAccount -  Starting TC_012_MyAccount 
14:51:02.464 [TestNG-tests-1] INFO  testCases.TC_012_MyAccount - Home Page Displayed 
14:51:02.847 [TestNG-tests-1] INFO  testCases.TC_012_MyAccount - Clicked on My Account 
14:51:03.326 [TestNG-tests-1] INFO  testCases.TC_012_MyAccount - Clicked on Login 
14:51:03.401 [TestNG-tests-1] INFO  testCases.TC_012_MyAccount - Provided Email 
14:51:03.462 [TestNG-tests-1] INFO  testCases.TC_012_MyAccount - Provided Password 
14:51:04.590 [TestNG-tests-1] INFO  testCases.TC_012_MyAccount - Clicked on Login
14:51:07.658 [TestNG-tests-1] INFO  testCases.TC_012_MyAccount - Click on MyAccount
14:51:08.151 [TestNG-tests-1] INFO  testCases.TC_012_MyAccount - Click on OrderHistory 
14:51:11.193 [TestNG-tests-1] INFO  testCases.TC_012_MyAccount - Click on MyAccount
14:51:14.905 [TestNG-tests-1] INFO  testCases.TC_012_MyAccount - Click on LogOut
14:51:15.383 [TestNG-tests-1] INFO  testCases.TC_012_MyAccount - Click on SiteMap Link
14:51:18.384 [TestNG-tests-1] INFO  testCases.TC_012_MyAccount - Finished TC_012_MyAccount
14:51:18.388 [AsyncHttpClient-1-7] TRACE io.netty.handler.codec.http.websocketx.WebSocket08FrameEncoder - Encoding WebSocket Frame opCode=8 length=26
14:51:20.200 [TestNG-tests-1] INFO  testCases.TC_013_MyAccountInformation - Launched chrome Browser
14:51:20.205 [TestNG-tests-1] INFO  testCases.TC_013_MyAccountInformation -  Starting TC_013_MyAccountInformation 
14:51:24.239 [TestNG-tests-1] INFO  testCases.TC_013_MyAccountInformation - Home Page Displayed 
14:51:24.434 [TestNG-tests-1] INFO  testCases.TC_013_MyAccountInformation - Clicked on My Account 
14:51:24.876 [TestNG-tests-1] INFO  testCases.TC_013_MyAccountInformation - Clicked on Login 
14:51:24.946 [TestNG-tests-1] INFO  testCases.TC_013_MyAccountInformation - Provided Email 
14:51:25.007 [TestNG-tests-1] INFO  testCases.TC_013_MyAccountInformation - Provided Password 
14:51:25.867 [TestNG-tests-1] INFO  testCases.TC_013_MyAccountInformation - Clicked on Login
14:51:29.524 [TestNG-tests-1] INFO  testCases.TC_013_MyAccountInformation - Click on Edit Your Account Infomation
14:51:32.615 [TestNG-tests-1] INFO  testCases.TC_013_MyAccountInformation - Edit Telephone number
14:51:35.615 [TestNG-tests-1] INFO  testCases.TC_013_MyAccountInformation - Finished TC_013_MyAccountInformation
14:51:35.620 [AsyncHttpClient-1-10] TRACE io.netty.handler.codec.http.websocketx.WebSocket08FrameEncoder - Encoding WebSocket Frame opCode=8 length=26
14:51:37.408 [TestNG-tests-1] INFO  testCases.TC_014_ChangePassword - Launched chrome Browser
14:51:37.414 [TestNG-tests-1] INFO  testCases.TC_014_ChangePassword -  Starting TC_013_MyAccountInformation 
14:51:39.081 [TestNG-tests-1] INFO  testCases.TC_014_ChangePassword - Home Page Displayed 
14:51:39.332 [TestNG-tests-1] INFO  testCases.TC_014_ChangePassword - Clicked on My Account 
14:51:40.102 [TestNG-tests-1] INFO  testCases.TC_014_ChangePassword - Clicked on Login 
14:51:40.165 [TestNG-tests-1] INFO  testCases.TC_014_ChangePassword - Provided Email 
14:51:40.226 [TestNG-tests-1] INFO  testCases.TC_014_ChangePassword - Provided Password 
14:51:41.478 [TestNG-tests-1] INFO  testCases.TC_014_ChangePassword - Clicked on Login
14:51:51.387 [TestNG-tests-1] INFO  testCases.TC_014_ChangePassword - Home Page Displayed
14:51:54.390 [AsyncHttpClient-1-13] TRACE io.netty.handler.codec.http.websocketx.WebSocket08FrameEncoder - Encoding WebSocket Frame opCode=8 length=26
14:51:56.278 [TestNG-tests-1] INFO  testCases.TC_015_AddressBook - Launched chrome Browser
14:51:56.284 [TestNG-tests-1] INFO  testCases.TC_015_AddressBook -  Starting TC_015_AddressBook
14:51:58.773 [TestNG-tests-1] INFO  testCases.TC_015_AddressBook - Home Page Displayed 
14:51:58.940 [TestNG-tests-1] INFO  testCases.TC_015_AddressBook - Clicked on My Account 
14:51:59.382 [TestNG-tests-1] INFO  testCases.TC_015_AddressBook - Clicked on Login 
14:51:59.446 [TestNG-tests-1] INFO  testCases.TC_015_AddressBook - Provided Email 
14:51:59.503 [TestNG-tests-1] INFO  testCases.TC_015_AddressBook - Provided Password 
14:52:00.375 [TestNG-tests-1] INFO  testCases.TC_015_AddressBook - Clicked on Login
14:52:03.832 [TestNG-tests-1] INFO  testCases.TC_015_AddressBook - click on AddressBook
14:52:07.336 [TestNG-tests-1] INFO  testCases.TC_015_AddressBook - click on new AddressBook
14:52:07.777 [TestNG-tests-1] INFO  testCases.TC_015_AddressBook - Click on Back Button
14:52:10.777 [TestNG-tests-1] INFO  testCases.TC_015_AddressBook - Finished TC_015_AddressBook
14:52:10.780 [AsyncHttpClient-1-4] TRACE io.netty.handler.codec.http.websocketx.WebSocket08FrameEncoder - Encoding WebSocket Frame opCode=8 length=26
14:52:13.452 [TestNG-tests-1] INFO  testCases.TC_016_OderHistory - Launched chrome Browser
14:52:13.454 [TestNG-tests-1] INFO  testCases.TC_016_OderHistory -  Starting TC_016_OrderHistory
14:52:16.216 [TestNG-tests-1] INFO  testCases.TC_016_OderHistory - Home Page Displayed 
14:52:16.492 [TestNG-tests-1] INFO  testCases.TC_016_OderHistory - Clicked on My Account 
14:52:16.963 [TestNG-tests-1] INFO  testCases.TC_016_OderHistory - Clicked on Login 
14:52:17.026 [TestNG-tests-1] INFO  testCases.TC_016_OderHistory - Provided Email 
14:52:17.095 [TestNG-tests-1] INFO  testCases.TC_016_OderHistory - Provided Password 
14:52:18.159 [TestNG-tests-1] INFO  testCases.TC_016_OderHistory - Clicked on Login
14:52:21.702 [TestNG-tests-1] INFO  testCases.TC_016_OderHistory - Clicked on Order History
14:52:24.703 [TestNG-tests-1] INFO  testCases.TC_016_OderHistory - Finished TC_016_OrderHistory
14:52:24.705 [AsyncHttpClient-1-7] TRACE io.netty.handler.codec.http.websocketx.WebSocket08FrameEncoder - Encoding WebSocket Frame opCode=8 length=26
14:52:26.713 [TestNG-tests-1] INFO  testCases.TC_017_Downloads - Launched chrome Browser
14:52:26.716 [TestNG-tests-1] INFO  testCases.TC_017_Downloads -  Starting TC_016_OrderHistory
14:52:30.179 [TestNG-tests-1] INFO  testCases.TC_017_Downloads - Home Page Displayed 
