15:21:18.911 [TestNG-tests-1] DEBUG io.netty.util.internal.PlatformDependent0 - java.nio.Buffer.address: available
15:21:18.917 [TestNG-tests-1] DEBUG io.netty.util.internal.PlatformDependent0 - direct buffer constructor: available
15:21:18.918 [TestNG-tests-1] DEBUG io.netty.util.internal.PlatformDependent0 - java.nio.Bits.unaligned: available, true
15:21:18.918 [TestNG-tests-1] DEBUG io.netty.util.internal.PlatformDependent0 - jdk.internal.misc.Unsafe.allocateUninitializedArray(int): unavailable prior to Java9
15:21:18.918 [TestNG-tests-1] DEBUG io.netty.util.internal.PlatformDependent0 - java.nio.DirectByteBuffer.<init>(long, int): available
15:21:18.918 [TestNG-tests-1] DEBUG io.netty.util.internal.PlatformDependent - sun.misc.Unsafe: available
15:21:18.919 [TestNG-tests-1] DEBUG io.netty.util.internal.PlatformDependent - -Dio.netty.tmpdir: C:\Users\VenuM\AppData\Local\Temp (java.io.tmpdir)
15:21:18.919 [TestNG-tests-1] DEBUG io.netty.util.internal.PlatformDependent - -Dio.netty.bitMode: 64 (sun.arch.data.model)
15:21:18.920 [TestNG-tests-1] DEBUG io.netty.util.internal.PlatformDependent - -Dio.netty.maxDirectMemory: 2833776640 bytes
15:21:18.920 [TestNG-tests-1] DEBUG io.netty.util.internal.PlatformDependent - -Dio.netty.uninitializedArrayAllocationThreshold: -1
15:21:18.921 [TestNG-tests-1] DEBUG io.netty.util.internal.CleanerJava6 - java.nio.ByteBuffer.cleaner(): available
15:21:18.921 [TestNG-tests-1] DEBUG io.netty.util.internal.PlatformDependent - -Dio.netty.noPreferDirect: false
15:21:18.928 [TestNG-tests-1] DEBUG io.netty.util.internal.PlatformDependent - org.jctools-core.MpscChunkedArrayQueue: available
15:21:18.945 [TestNG-tests-1] DEBUG io.netty.util.internal.InternalThreadLocalMap - -Dio.netty.threadLocalMap.stringBuilder.initialSize: 1024
15:21:18.945 [TestNG-tests-1] DEBUG io.netty.util.internal.InternalThreadLocalMap - -Dio.netty.threadLocalMap.stringBuilder.maxSize: 4096
15:21:18.963 [TestNG-tests-1] DEBUG io.netty.handler.ssl.JdkSslContext - Default protocols (JDK): [TLSv1.2, TLSv1.1, TLSv1] 
15:21:18.963 [TestNG-tests-1] DEBUG io.netty.handler.ssl.JdkSslContext - Default cipher suites (JDK): [TLS_ECDHE_ECDSA_WITH_AES_256_GCM_SHA384, TLS_ECDHE_ECDSA_WITH_AES_128_GCM_SHA256, TLS_ECDHE_RSA_WITH_AES_128_GCM_SHA256, TLS_ECDHE_RSA_WITH_AES_256_GCM_SHA384, TLS_ECDHE_RSA_WITH_AES_128_CBC_SHA, TLS_ECDHE_RSA_WITH_AES_256_CBC_SHA, TLS_RSA_WITH_AES_128_GCM_SHA256, TLS_RSA_WITH_AES_128_CBC_SHA, TLS_RSA_WITH_AES_256_CBC_SHA, TLS_AES_128_GCM_SHA256, TLS_AES_256_GCM_SHA384]
15:21:18.986 [TestNG-tests-1] DEBUG io.netty.channel.MultithreadEventLoopGroup - -Dio.netty.eventLoopThreads: 12
15:21:18.994 [TestNG-tests-1] DEBUG io.netty.channel.nio.NioEventLoop - -Dio.netty.noKeySetOptimization: false
15:21:18.994 [TestNG-tests-1] DEBUG io.netty.channel.nio.NioEventLoop - -Dio.netty.selectorAutoRebuildThreshold: 512
15:21:19.001 [TestNG-tests-1] TRACE io.netty.channel.nio.NioEventLoop - instrumented a special java.util.Set into: sun.nio.ch.WindowsSelectorImpl@2e4b4073
15:21:19.002 [TestNG-tests-1] TRACE io.netty.channel.nio.NioEventLoop - instrumented a special java.util.Set into: sun.nio.ch.WindowsSelectorImpl@606a89bf
15:21:19.003 [TestNG-tests-1] TRACE io.netty.channel.nio.NioEventLoop - instrumented a special java.util.Set into: sun.nio.ch.WindowsSelectorImpl@14d61519
15:21:19.003 [TestNG-tests-1] TRACE io.netty.channel.nio.NioEventLoop - instrumented a special java.util.Set into: sun.nio.ch.WindowsSelectorImpl@52520662
15:21:19.004 [TestNG-tests-1] TRACE io.netty.channel.nio.NioEventLoop - instrumented a special java.util.Set into: sun.nio.ch.WindowsSelectorImpl@56fe7b01
15:21:19.004 [TestNG-tests-1] TRACE io.netty.channel.nio.NioEventLoop - instrumented a special java.util.Set into: sun.nio.ch.WindowsSelectorImpl@62ed3710
15:21:19.005 [TestNG-tests-1] TRACE io.netty.channel.nio.NioEventLoop - instrumented a special java.util.Set into: sun.nio.ch.WindowsSelectorImpl@46b78889
15:21:19.005 [TestNG-tests-1] TRACE io.netty.channel.nio.NioEventLoop - instrumented a special java.util.Set into: sun.nio.ch.WindowsSelectorImpl@494e72b
15:21:19.006 [TestNG-tests-1] TRACE io.netty.channel.nio.NioEventLoop - instrumented a special java.util.Set into: sun.nio.ch.WindowsSelectorImpl@2197a2cb
15:21:19.007 [TestNG-tests-1] TRACE io.netty.channel.nio.NioEventLoop - instrumented a special java.util.Set into: sun.nio.ch.WindowsSelectorImpl@2a49545e
15:21:19.007 [TestNG-tests-1] TRACE io.netty.channel.nio.NioEventLoop - instrumented a special java.util.Set into: sun.nio.ch.WindowsSelectorImpl@50c0625e
15:21:19.008 [TestNG-tests-1] TRACE io.netty.channel.nio.NioEventLoop - instrumented a special java.util.Set into: sun.nio.ch.WindowsSelectorImpl@734e7ad2
15:21:19.025 [TestNG-tests-1] DEBUG io.netty.buffer.PooledByteBufAllocator - -Dio.netty.allocator.numHeapArenas: 12
15:21:19.025 [TestNG-tests-1] DEBUG io.netty.buffer.PooledByteBufAllocator - -Dio.netty.allocator.numDirectArenas: 12
15:21:19.025 [TestNG-tests-1] DEBUG io.netty.buffer.PooledByteBufAllocator - -Dio.netty.allocator.pageSize: 8192
15:21:19.025 [TestNG-tests-1] DEBUG io.netty.buffer.PooledByteBufAllocator - -Dio.netty.allocator.maxOrder: 11
15:21:19.025 [TestNG-tests-1] DEBUG io.netty.buffer.PooledByteBufAllocator - -Dio.netty.allocator.chunkSize: 16777216
15:21:19.025 [TestNG-tests-1] DEBUG io.netty.buffer.PooledByteBufAllocator - -Dio.netty.allocator.smallCacheSize: 256
15:21:19.025 [TestNG-tests-1] DEBUG io.netty.buffer.PooledByteBufAllocator - -Dio.netty.allocator.normalCacheSize: 64
15:21:19.025 [TestNG-tests-1] DEBUG io.netty.buffer.PooledByteBufAllocator - -Dio.netty.allocator.maxCachedBufferCapacity: 32768
15:21:19.025 [TestNG-tests-1] DEBUG io.netty.buffer.PooledByteBufAllocator - -Dio.netty.allocator.cacheTrimInterval: 8192
15:21:19.025 [TestNG-tests-1] DEBUG io.netty.buffer.PooledByteBufAllocator - -Dio.netty.allocator.cacheTrimIntervalMillis: 0
15:21:19.025 [TestNG-tests-1] DEBUG io.netty.buffer.PooledByteBufAllocator - -Dio.netty.allocator.useCacheForAllThreads: true
15:21:19.026 [TestNG-tests-1] DEBUG io.netty.buffer.PooledByteBufAllocator - -Dio.netty.allocator.maxCachedByteBuffersPerChunk: 1023
15:21:19.034 [TestNG-tests-1] DEBUG io.netty.buffer.ByteBufUtil - -Dio.netty.allocator.type: pooled
15:21:19.034 [TestNG-tests-1] DEBUG io.netty.buffer.ByteBufUtil - -Dio.netty.threadLocalDirectBufferSize: 0
15:21:19.034 [TestNG-tests-1] DEBUG io.netty.buffer.ByteBufUtil - -Dio.netty.maxThreadLocalCharBufferSize: 16384
15:21:19.762 [Forwarding newSession on session null to remote] DEBUG io.netty.channel.DefaultChannelId - -Dio.netty.processId: 45896 (auto-detected)
15:21:19.764 [Forwarding newSession on session null to remote] DEBUG io.netty.util.NetUtil - -Djava.net.preferIPv4Stack: false
15:21:19.764 [Forwarding newSession on session null to remote] DEBUG io.netty.util.NetUtil - -Djava.net.preferIPv6Addresses: false
15:21:19.905 [Forwarding newSession on session null to remote] DEBUG io.netty.util.NetUtilInitializations - Loopback interface: lo (Software Loopback Interface 1, 127.0.0.1)
15:21:19.906 [Forwarding newSession on session null to remote] DEBUG io.netty.util.NetUtil - Failed to get SOMAXCONN from sysctl and file \proc\sys\net\core\somaxconn. Default: 200
15:21:20.055 [Forwarding newSession on session null to remote] DEBUG io.netty.channel.DefaultChannelId - -Dio.netty.machineId: f4:39:09:ff:fe:34:9b:d5 (auto-detected)
15:21:20.102 [AsyncHttpClient-1-2] DEBUG io.netty.buffer.AbstractByteBuf - -Dio.netty.buffer.checkAccessible: true
15:21:20.102 [AsyncHttpClient-1-2] DEBUG io.netty.buffer.AbstractByteBuf - -Dio.netty.buffer.checkBounds: true
15:21:20.102 [AsyncHttpClient-1-2] DEBUG io.netty.util.ResourceLeakDetectorFactory - Loaded default ResourceLeakDetector: io.netty.util.ResourceLeakDetector@2e49d8ac
15:21:20.123 [AsyncHttpClient-1-2] DEBUG io.netty.util.Recycler - -Dio.netty.recycler.maxCapacityPerThread: 4096
15:21:20.123 [AsyncHttpClient-1-2] DEBUG io.netty.util.Recycler - -Dio.netty.recycler.maxSharedCapacityFactor: 2
15:21:20.123 [AsyncHttpClient-1-2] DEBUG io.netty.util.Recycler - -Dio.netty.recycler.linkCapacity: 16
15:21:20.123 [AsyncHttpClient-1-2] DEBUG io.netty.util.Recycler - -Dio.netty.recycler.ratio: 8
15:21:20.123 [AsyncHttpClient-1-2] DEBUG io.netty.util.Recycler - -Dio.netty.recycler.delayedQueue.ratio: 8
15:21:20.847 [TestNG-tests-1] DEBUG io.netty.util.internal.ThreadLocalRandom - -Dio.netty.initialSeedUniquifier: 0xc1aeab7b846dbc57
15:21:20.872 [TestNG-tests-1] INFO  testCases.TC_010_ShoppingCart - Launched chrome Browser
15:21:20.892 [TestNG-tests-1] INFO  testCases.TC_010_ShoppingCart - Starting TC_010_ShoppingCart
15:21:22.864 [TestNG-tests-1] INFO  testCases.TC_010_ShoppingCart - Home Page Displayed 
15:21:23.033 [TestNG-tests-1] INFO  testCases.TC_010_ShoppingCart - Search iMac is  Displayed 
15:21:24.320 [TestNG-tests-1] INFO  testCases.TC_010_ShoppingCart - Search Button clicked 
15:21:27.362 [TestNG-tests-1] INFO  testCases.TC_010_ShoppingCart - Add to Cart clicked 
15:21:32.877 [TestNG-tests-1] INFO  testCases.TC_010_ShoppingCart - Shopping Cart clicked 
15:21:51.947 [AsyncHttpClient-1-4] TRACE io.netty.handler.codec.http.websocketx.WebSocket08FrameEncoder - Encoding WebSocket Frame opCode=8 length=26
15:26:54.669 [TestNG-tests-1] DEBUG io.netty.util.internal.logging.InternalLoggerFactory - Using Log4J2 as the default logging framework
15:26:54.678 [TestNG-tests-1] DEBUG io.netty.util.ResourceLeakDetector - -Dio.netty.leakDetection.level: simple
15:26:54.678 [TestNG-tests-1] DEBUG io.netty.util.ResourceLeakDetector - -Dio.netty.leakDetection.targetRecords: 4
15:26:54.682 [TestNG-tests-1] DEBUG io.netty.util.ResourceLeakDetectorFactory - Loaded default ResourceLeakDetector: io.netty.util.ResourceLeakDetector@3dbb4fd1
15:26:54.697 [TestNG-tests-1] DEBUG io.netty.util.internal.PlatformDependent - Platform: Windows
15:26:54.699 [TestNG-tests-1] DEBUG io.netty.util.internal.PlatformDependent0 - -Dio.netty.noUnsafe: false
15:26:54.699 [TestNG-tests-1] DEBUG io.netty.util.internal.PlatformDependent0 - Java version: 8
15:26:54.700 [TestNG-tests-1] DEBUG io.netty.util.internal.PlatformDependent0 - sun.misc.Unsafe.theUnsafe: available
15:26:54.701 [TestNG-tests-1] DEBUG io.netty.util.internal.PlatformDependent0 - sun.misc.Unsafe.copyMemory: available
15:26:54.701 [TestNG-tests-1] DEBUG io.netty.util.internal.PlatformDependent0 - java.nio.Buffer.address: available
15:26:54.701 [TestNG-tests-1] DEBUG io.netty.util.internal.PlatformDependent0 - direct buffer constructor: available
15:26:54.702 [TestNG-tests-1] DEBUG io.netty.util.internal.PlatformDependent0 - java.nio.Bits.unaligned: available, true
15:26:54.702 [TestNG-tests-1] DEBUG io.netty.util.internal.PlatformDependent0 - jdk.internal.misc.Unsafe.allocateUninitializedArray(int): unavailable prior to Java9
15:26:54.702 [TestNG-tests-1] DEBUG io.netty.util.internal.PlatformDependent0 - java.nio.DirectByteBuffer.<init>(long, int): available
15:26:54.702 [TestNG-tests-1] DEBUG io.netty.util.internal.PlatformDependent - sun.misc.Unsafe: available
15:26:54.703 [TestNG-tests-1] DEBUG io.netty.util.internal.PlatformDependent - -Dio.netty.tmpdir: C:\Users\VenuM\AppData\Local\Temp (java.io.tmpdir)
15:26:54.703 [TestNG-tests-1] DEBUG io.netty.util.internal.PlatformDependent - -Dio.netty.bitMode: 64 (sun.arch.data.model)
15:26:54.704 [TestNG-tests-1] DEBUG io.netty.util.internal.PlatformDependent - -Dio.netty.maxDirectMemory: 2833776640 bytes
15:26:54.704 [TestNG-tests-1] DEBUG io.netty.util.internal.PlatformDependent - -Dio.netty.uninitializedArrayAllocationThreshold: -1
15:26:54.704 [TestNG-tests-1] DEBUG io.netty.util.internal.CleanerJava6 - java.nio.ByteBuffer.cleaner(): available
15:26:54.704 [TestNG-tests-1] DEBUG io.netty.util.internal.PlatformDependent - -Dio.netty.noPreferDirect: false
15:26:54.712 [TestNG-tests-1] DEBUG io.netty.util.internal.PlatformDependent - org.jctools-core.MpscChunkedArrayQueue: available
15:26:54.728 [TestNG-tests-1] DEBUG io.netty.util.internal.InternalThreadLocalMap - -Dio.netty.threadLocalMap.stringBuilder.initialSize: 1024
15:26:54.728 [TestNG-tests-1] DEBUG io.netty.util.internal.InternalThreadLocalMap - -Dio.netty.threadLocalMap.stringBuilder.maxSize: 4096
15:26:54.746 [TestNG-tests-1] DEBUG io.netty.handler.ssl.JdkSslContext - Default protocols (JDK): [TLSv1.2, TLSv1.1, TLSv1] 
15:26:54.747 [TestNG-tests-1] DEBUG io.netty.handler.ssl.JdkSslContext - Default cipher suites (JDK): [TLS_ECDHE_ECDSA_WITH_AES_256_GCM_SHA384, TLS_ECDHE_ECDSA_WITH_AES_128_GCM_SHA256, TLS_ECDHE_RSA_WITH_AES_128_GCM_SHA256, TLS_ECDHE_RSA_WITH_AES_256_GCM_SHA384, TLS_ECDHE_RSA_WITH_AES_128_CBC_SHA, TLS_ECDHE_RSA_WITH_AES_256_CBC_SHA, TLS_RSA_WITH_AES_128_GCM_SHA256, TLS_RSA_WITH_AES_128_CBC_SHA, TLS_RSA_WITH_AES_256_CBC_SHA, TLS_AES_128_GCM_SHA256, TLS_AES_256_GCM_SHA384]
15:26:54.771 [TestNG-tests-1] DEBUG io.netty.channel.MultithreadEventLoopGroup - -Dio.netty.eventLoopThreads: 12
15:26:54.779 [TestNG-tests-1] DEBUG io.netty.channel.nio.NioEventLoop - -Dio.netty.noKeySetOptimization: false
15:26:54.779 [TestNG-tests-1] DEBUG io.netty.channel.nio.NioEventLoop - -Dio.netty.selectorAutoRebuildThreshold: 512
15:26:54.787 [TestNG-tests-1] TRACE io.netty.channel.nio.NioEventLoop - instrumented a special java.util.Set into: sun.nio.ch.WindowsSelectorImpl@3ac20561
15:26:54.788 [TestNG-tests-1] TRACE io.netty.channel.nio.NioEventLoop - instrumented a special java.util.Set into: sun.nio.ch.WindowsSelectorImpl@6d222394
15:26:54.788 [TestNG-tests-1] TRACE io.netty.channel.nio.NioEventLoop - instrumented a special java.util.Set into: sun.nio.ch.WindowsSelectorImpl@4761ca5c
15:26:54.789 [TestNG-tests-1] TRACE io.netty.channel.nio.NioEventLoop - instrumented a special java.util.Set into: sun.nio.ch.WindowsSelectorImpl@11fdffce
15:26:54.790 [TestNG-tests-1] TRACE io.netty.channel.nio.NioEventLoop - instrumented a special java.util.Set into: sun.nio.ch.WindowsSelectorImpl@bb3f3ad
15:26:54.790 [TestNG-tests-1] TRACE io.netty.channel.nio.NioEventLoop - instrumented a special java.util.Set into: sun.nio.ch.WindowsSelectorImpl@77f14fcc
15:26:54.791 [TestNG-tests-1] TRACE io.netty.channel.nio.NioEventLoop - instrumented a special java.util.Set into: sun.nio.ch.WindowsSelectorImpl@3e0b5844
15:26:54.791 [TestNG-tests-1] TRACE io.netty.channel.nio.NioEventLoop - instrumented a special java.util.Set into: sun.nio.ch.WindowsSelectorImpl@4076c3c4
15:26:54.792 [TestNG-tests-1] TRACE io.netty.channel.nio.NioEventLoop - instrumented a special java.util.Set into: sun.nio.ch.WindowsSelectorImpl@54cc6efc
15:26:54.792 [TestNG-tests-1] TRACE io.netty.channel.nio.NioEventLoop - instrumented a special java.util.Set into: sun.nio.ch.WindowsSelectorImpl@29bec486
15:26:54.793 [TestNG-tests-1] TRACE io.netty.channel.nio.NioEventLoop - instrumented a special java.util.Set into: sun.nio.ch.WindowsSelectorImpl@4d93608d
15:26:54.794 [TestNG-tests-1] TRACE io.netty.channel.nio.NioEventLoop - instrumented a special java.util.Set into: sun.nio.ch.WindowsSelectorImpl@3b8de218
15:26:54.812 [TestNG-tests-1] DEBUG io.netty.buffer.PooledByteBufAllocator - -Dio.netty.allocator.numHeapArenas: 12
15:26:54.812 [TestNG-tests-1] DEBUG io.netty.buffer.PooledByteBufAllocator - -Dio.netty.allocator.numDirectArenas: 12
15:26:54.812 [TestNG-tests-1] DEBUG io.netty.buffer.PooledByteBufAllocator - -Dio.netty.allocator.pageSize: 8192
15:26:54.812 [TestNG-tests-1] DEBUG io.netty.buffer.PooledByteBufAllocator - -Dio.netty.allocator.maxOrder: 11
15:26:54.812 [TestNG-tests-1] DEBUG io.netty.buffer.PooledByteBufAllocator - -Dio.netty.allocator.chunkSize: 16777216
15:26:54.812 [TestNG-tests-1] DEBUG io.netty.buffer.PooledByteBufAllocator - -Dio.netty.allocator.smallCacheSize: 256
15:26:54.813 [TestNG-tests-1] DEBUG io.netty.buffer.PooledByteBufAllocator - -Dio.netty.allocator.normalCacheSize: 64
15:26:54.813 [TestNG-tests-1] DEBUG io.netty.buffer.PooledByteBufAllocator - -Dio.netty.allocator.maxCachedBufferCapacity: 32768
15:26:54.813 [TestNG-tests-1] DEBUG io.netty.buffer.PooledByteBufAllocator - -Dio.netty.allocator.cacheTrimInterval: 8192
15:26:54.813 [TestNG-tests-1] DEBUG io.netty.buffer.PooledByteBufAllocator - -Dio.netty.allocator.cacheTrimIntervalMillis: 0
15:26:54.813 [TestNG-tests-1] DEBUG io.netty.buffer.PooledByteBufAllocator - -Dio.netty.allocator.useCacheForAllThreads: true
15:26:54.813 [TestNG-tests-1] DEBUG io.netty.buffer.PooledByteBufAllocator - -Dio.netty.allocator.maxCachedByteBuffersPerChunk: 1023
15:26:54.822 [TestNG-tests-1] DEBUG io.netty.buffer.ByteBufUtil - -Dio.netty.allocator.type: pooled
15:26:54.822 [TestNG-tests-1] DEBUG io.netty.buffer.ByteBufUtil - -Dio.netty.threadLocalDirectBufferSize: 0
15:26:54.822 [TestNG-tests-1] DEBUG io.netty.buffer.ByteBufUtil - -Dio.netty.maxThreadLocalCharBufferSize: 16384
15:26:55.567 [Forwarding newSession on session null to remote] DEBUG io.netty.channel.DefaultChannelId - -Dio.netty.processId: 50744 (auto-detected)
15:26:55.568 [Forwarding newSession on session null to remote] DEBUG io.netty.util.NetUtil - -Djava.net.preferIPv4Stack: false
15:26:55.569 [Forwarding newSession on session null to remote] DEBUG io.netty.util.NetUtil - -Djava.net.preferIPv6Addresses: false
15:26:55.713 [Forwarding newSession on session null to remote] DEBUG io.netty.util.NetUtilInitializations - Loopback interface: lo (Software Loopback Interface 1, 127.0.0.1)
15:26:55.714 [Forwarding newSession on session null to remote] DEBUG io.netty.util.NetUtil - Failed to get SOMAXCONN from sysctl and file \proc\sys\net\core\somaxconn. Default: 200
15:26:55.866 [Forwarding newSession on session null to remote] DEBUG io.netty.channel.DefaultChannelId - -Dio.netty.machineId: f4:39:09:ff:fe:34:9b:d5 (auto-detected)
15:26:55.912 [AsyncHttpClient-1-2] DEBUG io.netty.buffer.AbstractByteBuf - -Dio.netty.buffer.checkAccessible: true
15:26:55.912 [AsyncHttpClient-1-2] DEBUG io.netty.buffer.AbstractByteBuf - -Dio.netty.buffer.checkBounds: true
15:26:55.912 [AsyncHttpClient-1-2] DEBUG io.netty.util.ResourceLeakDetectorFactory - Loaded default ResourceLeakDetector: io.netty.util.ResourceLeakDetector@46c01819
15:26:55.935 [AsyncHttpClient-1-2] DEBUG io.netty.util.Recycler - -Dio.netty.recycler.maxCapacityPerThread: 4096
15:26:55.935 [AsyncHttpClient-1-2] DEBUG io.netty.util.Recycler - -Dio.netty.recycler.maxSharedCapacityFactor: 2
15:26:55.935 [AsyncHttpClient-1-2] DEBUG io.netty.util.Recycler - -Dio.netty.recycler.linkCapacity: 16
15:26:55.935 [AsyncHttpClient-1-2] DEBUG io.netty.util.Recycler - -Dio.netty.recycler.ratio: 8
15:26:55.935 [AsyncHttpClient-1-2] DEBUG io.netty.util.Recycler - -Dio.netty.recycler.delayedQueue.ratio: 8
15:26:56.641 [TestNG-tests-1] DEBUG io.netty.util.internal.ThreadLocalRandom - -Dio.netty.initialSeedUniquifier: 0x0dbdd92e4a7bda1d
15:26:56.684 [TestNG-tests-1] INFO  testCases.TC_010_ShoppingCart - Launched chrome Browser
15:26:56.705 [TestNG-tests-1] INFO  testCases.TC_010_ShoppingCart - Starting TC_010_ShoppingCart
15:26:59.224 [TestNG-tests-1] INFO  testCases.TC_010_ShoppingCart - Home Page Displayed 
15:26:59.395 [TestNG-tests-1] INFO  testCases.TC_010_ShoppingCart - Search iMac is  Displayed 
15:27:00.251 [TestNG-tests-1] INFO  testCases.TC_010_ShoppingCart - Search Button clicked 
15:27:03.291 [TestNG-tests-1] INFO  testCases.TC_010_ShoppingCart - Add to Cart clicked 
15:27:08.836 [TestNG-tests-1] INFO  testCases.TC_010_ShoppingCart - Shopping Cart clicked 
15:27:24.475 [AsyncHttpClient-1-4] TRACE io.netty.handler.codec.http.websocketx.WebSocket08FrameEncoder - Encoding WebSocket Frame opCode=8 length=26
15:30:14.242 [TestNG-tests-1] DEBUG io.netty.util.internal.logging.InternalLoggerFactory - Using Log4J2 as the default logging framework
15:30:14.250 [TestNG-tests-1] DEBUG io.netty.util.ResourceLeakDetector - -Dio.netty.leakDetection.level: simple
15:30:14.250 [TestNG-tests-1] DEBUG io.netty.util.ResourceLeakDetector - -Dio.netty.leakDetection.targetRecords: 4
15:30:14.254 [TestNG-tests-1] DEBUG io.netty.util.ResourceLeakDetectorFactory - Loaded default ResourceLeakDetector: io.netty.util.ResourceLeakDetector@3c9c0a90
15:30:14.268 [TestNG-tests-1] DEBUG io.netty.util.internal.PlatformDependent - Platform: Windows
15:30:14.270 [TestNG-tests-1] DEBUG io.netty.util.internal.PlatformDependent0 - -Dio.netty.noUnsafe: false
15:30:14.270 [TestNG-tests-1] DEBUG io.netty.util.internal.PlatformDependent0 - Java version: 8
15:30:14.271 [TestNG-tests-1] DEBUG io.netty.util.internal.PlatformDependent0 - sun.misc.Unsafe.theUnsafe: available
15:30:14.271 [TestNG-tests-1] DEBUG io.netty.util.internal.PlatformDependent0 - sun.misc.Unsafe.copyMemory: available
15:30:14.272 [TestNG-tests-1] DEBUG io.netty.util.internal.PlatformDependent0 - java.nio.Buffer.address: available
15:30:14.272 [TestNG-tests-1] DEBUG io.netty.util.internal.PlatformDependent0 - direct buffer constructor: available
15:30:14.273 [TestNG-tests-1] DEBUG io.netty.util.internal.PlatformDependent0 - java.nio.Bits.unaligned: available, true
15:30:14.273 [TestNG-tests-1] DEBUG io.netty.util.internal.PlatformDependent0 - jdk.internal.misc.Unsafe.allocateUninitializedArray(int): unavailable prior to Java9
15:30:14.273 [TestNG-tests-1] DEBUG io.netty.util.internal.PlatformDependent0 - java.nio.DirectByteBuffer.<init>(long, int): available
15:30:14.273 [TestNG-tests-1] DEBUG io.netty.util.internal.PlatformDependent - sun.misc.Unsafe: available
15:30:14.273 [TestNG-tests-1] DEBUG io.netty.util.internal.PlatformDependent - -Dio.netty.tmpdir: C:\Users\VenuM\AppData\Local\Temp (java.io.tmpdir)
15:30:14.273 [TestNG-tests-1] DEBUG io.netty.util.internal.PlatformDependent - -Dio.netty.bitMode: 64 (sun.arch.data.model)
15:30:14.274 [TestNG-tests-1] DEBUG io.netty.util.internal.PlatformDependent - -Dio.netty.maxDirectMemory: 2833776640 bytes
15:30:14.274 [TestNG-tests-1] DEBUG io.netty.util.internal.PlatformDependent - -Dio.netty.uninitializedArrayAllocationThreshold: -1
15:30:14.275 [TestNG-tests-1] DEBUG io.netty.util.internal.CleanerJava6 - java.nio.ByteBuffer.cleaner(): available
15:30:14.275 [TestNG-tests-1] DEBUG io.netty.util.internal.PlatformDependent - -Dio.netty.noPreferDirect: false
15:30:14.283 [TestNG-tests-1] DEBUG io.netty.util.internal.PlatformDependent - org.jctools-core.MpscChunkedArrayQueue: available
15:30:14.299 [TestNG-tests-1] DEBUG io.netty.util.internal.InternalThreadLocalMap - -Dio.netty.threadLocalMap.stringBuilder.initialSize: 1024
15:30:14.299 [TestNG-tests-1] DEBUG io.netty.util.internal.InternalThreadLocalMap - -Dio.netty.threadLocalMap.stringBuilder.maxSize: 4096
15:30:14.318 [TestNG-tests-1] DEBUG io.netty.handler.ssl.JdkSslContext - Default protocols (JDK): [TLSv1.2, TLSv1.1, TLSv1] 
15:30:14.318 [TestNG-tests-1] DEBUG io.netty.handler.ssl.JdkSslContext - Default cipher suites (JDK): [TLS_ECDHE_ECDSA_WITH_AES_256_GCM_SHA384, TLS_ECDHE_ECDSA_WITH_AES_128_GCM_SHA256, TLS_ECDHE_RSA_WITH_AES_128_GCM_SHA256, TLS_ECDHE_RSA_WITH_AES_256_GCM_SHA384, TLS_ECDHE_RSA_WITH_AES_128_CBC_SHA, TLS_ECDHE_RSA_WITH_AES_256_CBC_SHA, TLS_RSA_WITH_AES_128_GCM_SHA256, TLS_RSA_WITH_AES_128_CBC_SHA, TLS_RSA_WITH_AES_256_CBC_SHA, TLS_AES_128_GCM_SHA256, TLS_AES_256_GCM_SHA384]
15:30:14.342 [TestNG-tests-1] DEBUG io.netty.channel.MultithreadEventLoopGroup - -Dio.netty.eventLoopThreads: 12
15:30:14.350 [TestNG-tests-1] DEBUG io.netty.channel.nio.NioEventLoop - -Dio.netty.noKeySetOptimization: false
15:30:14.350 [TestNG-tests-1] DEBUG io.netty.channel.nio.NioEventLoop - -Dio.netty.selectorAutoRebuildThreshold: 512
15:30:14.358 [TestNG-tests-1] TRACE io.netty.channel.nio.NioEventLoop - instrumented a special java.util.Set into: sun.nio.ch.WindowsSelectorImpl@1e7e37de
15:30:14.359 [TestNG-tests-1] TRACE io.netty.channel.nio.NioEventLoop - instrumented a special java.util.Set into: sun.nio.ch.WindowsSelectorImpl@6e3e589f
15:30:14.359 [TestNG-tests-1] TRACE io.netty.channel.nio.NioEventLoop - instrumented a special java.util.Set into: sun.nio.ch.WindowsSelectorImpl@1914241
15:30:14.360 [TestNG-tests-1] TRACE io.netty.channel.nio.NioEventLoop - instrumented a special java.util.Set into: sun.nio.ch.WindowsSelectorImpl@1b5e39c8
15:30:14.360 [TestNG-tests-1] TRACE io.netty.channel.nio.NioEventLoop - instrumented a special java.util.Set into: sun.nio.ch.WindowsSelectorImpl@565c352c
15:30:14.361 [TestNG-tests-1] TRACE io.netty.channel.nio.NioEventLoop - instrumented a special java.util.Set into: sun.nio.ch.WindowsSelectorImpl@4aba75d8
15:30:14.361 [TestNG-tests-1] TRACE io.netty.channel.nio.NioEventLoop - instrumented a special java.util.Set into: sun.nio.ch.WindowsSelectorImpl@4132a584
15:30:14.362 [TestNG-tests-1] TRACE io.netty.channel.nio.NioEventLoop - instrumented a special java.util.Set into: sun.nio.ch.WindowsSelectorImpl@2b485413
15:30:14.362 [TestNG-tests-1] TRACE io.netty.channel.nio.NioEventLoop - instrumented a special java.util.Set into: sun.nio.ch.WindowsSelectorImpl@1c8af103
15:30:14.363 [TestNG-tests-1] TRACE io.netty.channel.nio.NioEventLoop - instrumented a special java.util.Set into: sun.nio.ch.WindowsSelectorImpl@58753ff
15:30:14.363 [TestNG-tests-1] TRACE io.netty.channel.nio.NioEventLoop - instrumented a special java.util.Set into: sun.nio.ch.WindowsSelectorImpl@51cdc84e
15:30:14.364 [TestNG-tests-1] TRACE io.netty.channel.nio.NioEventLoop - instrumented a special java.util.Set into: sun.nio.ch.WindowsSelectorImpl@384ce6a8
15:30:14.382 [TestNG-tests-1] DEBUG io.netty.buffer.PooledByteBufAllocator - -Dio.netty.allocator.numHeapArenas: 12
15:30:14.382 [TestNG-tests-1] DEBUG io.netty.buffer.PooledByteBufAllocator - -Dio.netty.allocator.numDirectArenas: 12
15:30:14.382 [TestNG-tests-1] DEBUG io.netty.buffer.PooledByteBufAllocator - -Dio.netty.allocator.pageSize: 8192
15:30:14.382 [TestNG-tests-1] DEBUG io.netty.buffer.PooledByteBufAllocator - -Dio.netty.allocator.maxOrder: 11
15:30:14.382 [TestNG-tests-1] DEBUG io.netty.buffer.PooledByteBufAllocator - -Dio.netty.allocator.chunkSize: 16777216
15:30:14.382 [TestNG-tests-1] DEBUG io.netty.buffer.PooledByteBufAllocator - -Dio.netty.allocator.smallCacheSize: 256
15:30:14.382 [TestNG-tests-1] DEBUG io.netty.buffer.PooledByteBufAllocator - -Dio.netty.allocator.normalCacheSize: 64
15:30:14.382 [TestNG-tests-1] DEBUG io.netty.buffer.PooledByteBufAllocator - -Dio.netty.allocator.maxCachedBufferCapacity: 32768
15:30:14.382 [TestNG-tests-1] DEBUG io.netty.buffer.PooledByteBufAllocator - -Dio.netty.allocator.cacheTrimInterval: 8192
15:30:14.382 [TestNG-tests-1] DEBUG io.netty.buffer.PooledByteBufAllocator - -Dio.netty.allocator.cacheTrimIntervalMillis: 0
15:30:14.382 [TestNG-tests-1] DEBUG io.netty.buffer.PooledByteBufAllocator - -Dio.netty.allocator.useCacheForAllThreads: true
15:30:14.382 [TestNG-tests-1] DEBUG io.netty.buffer.PooledByteBufAllocator - -Dio.netty.allocator.maxCachedByteBuffersPerChunk: 1023
15:30:14.391 [TestNG-tests-1] DEBUG io.netty.buffer.ByteBufUtil - -Dio.netty.allocator.type: pooled
15:30:14.391 [TestNG-tests-1] DEBUG io.netty.buffer.ByteBufUtil - -Dio.netty.threadLocalDirectBufferSize: 0
15:30:14.391 [TestNG-tests-1] DEBUG io.netty.buffer.ByteBufUtil - -Dio.netty.maxThreadLocalCharBufferSize: 16384
15:30:15.126 [Forwarding newSession on session null to remote] DEBUG io.netty.channel.DefaultChannelId - -Dio.netty.processId: 20744 (auto-detected)
15:30:15.128 [Forwarding newSession on session null to remote] DEBUG io.netty.util.NetUtil - -Djava.net.preferIPv4Stack: false
15:30:15.128 [Forwarding newSession on session null to remote] DEBUG io.netty.util.NetUtil - -Djava.net.preferIPv6Addresses: false
15:30:15.269 [Forwarding newSession on session null to remote] DEBUG io.netty.util.NetUtilInitializations - Loopback interface: lo (Software Loopback Interface 1, 127.0.0.1)
15:30:15.270 [Forwarding newSession on session null to remote] DEBUG io.netty.util.NetUtil - Failed to get SOMAXCONN from sysctl and file \proc\sys\net\core\somaxconn. Default: 200
15:30:15.418 [Forwarding newSession on session null to remote] DEBUG io.netty.channel.DefaultChannelId - -Dio.netty.machineId: f4:39:09:ff:fe:34:9b:d5 (auto-detected)
15:30:15.463 [AsyncHttpClient-1-2] DEBUG io.netty.buffer.AbstractByteBuf - -Dio.netty.buffer.checkAccessible: true
15:30:15.463 [AsyncHttpClient-1-2] DEBUG io.netty.buffer.AbstractByteBuf - -Dio.netty.buffer.checkBounds: true
15:30:15.464 [AsyncHttpClient-1-2] DEBUG io.netty.util.ResourceLeakDetectorFactory - Loaded default ResourceLeakDetector: io.netty.util.ResourceLeakDetector@6cf98b51
15:30:15.484 [AsyncHttpClient-1-2] DEBUG io.netty.util.Recycler - -Dio.netty.recycler.maxCapacityPerThread: 4096
15:30:15.484 [AsyncHttpClient-1-2] DEBUG io.netty.util.Recycler - -Dio.netty.recycler.maxSharedCapacityFactor: 2
15:30:15.484 [AsyncHttpClient-1-2] DEBUG io.netty.util.Recycler - -Dio.netty.recycler.linkCapacity: 16
15:30:15.484 [AsyncHttpClient-1-2] DEBUG io.netty.util.Recycler - -Dio.netty.recycler.ratio: 8
15:30:15.484 [AsyncHttpClient-1-2] DEBUG io.netty.util.Recycler - -Dio.netty.recycler.delayedQueue.ratio: 8
15:30:16.158 [TestNG-tests-1] DEBUG io.netty.util.internal.ThreadLocalRandom - -Dio.netty.initialSeedUniquifier: 0x2099bcb98dc9fa7b
15:30:16.183 [TestNG-tests-1] INFO  testCases.TC_010_ShoppingCart - Launched chrome Browser
15:30:16.201 [TestNG-tests-1] INFO  testCases.TC_010_ShoppingCart - Starting TC_010_ShoppingCart
15:30:20.183 [TestNG-tests-1] INFO  testCases.TC_010_ShoppingCart - Home Page Displayed 
15:30:20.360 [TestNG-tests-1] INFO  testCases.TC_010_ShoppingCart - Search iMac is  Displayed 
15:30:20.972 [TestNG-tests-1] INFO  testCases.TC_010_ShoppingCart - Search Button clicked 
15:30:24.011 [TestNG-tests-1] INFO  testCases.TC_010_ShoppingCart - Add to Cart clicked 
15:30:29.564 [TestNG-tests-1] INFO  testCases.TC_010_ShoppingCart - Shopping Cart clicked 
15:30:44.359 [AsyncHttpClient-1-4] TRACE io.netty.handler.codec.http.websocketx.WebSocket08FrameEncoder - Encoding WebSocket Frame opCode=8 length=26
15:33:59.664 [TestNG-tests-1] DEBUG io.netty.util.internal.logging.InternalLoggerFactory - Using Log4J2 as the default logging framework
15:33:59.673 [TestNG-tests-1] DEBUG io.netty.util.ResourceLeakDetector - -Dio.netty.leakDetection.level: simple
15:33:59.674 [TestNG-tests-1] DEBUG io.netty.util.ResourceLeakDetector - -Dio.netty.leakDetection.targetRecords: 4
15:33:59.677 [TestNG-tests-1] DEBUG io.netty.util.ResourceLeakDetectorFactory - Loaded default ResourceLeakDetector: io.netty.util.ResourceLeakDetector@275fc57f
15:33:59.694 [TestNG-tests-1] DEBUG io.netty.util.internal.PlatformDependent - Platform: Windows
15:33:59.695 [TestNG-tests-1] DEBUG io.netty.util.internal.PlatformDependent0 - -Dio.netty.noUnsafe: false
15:33:59.695 [TestNG-tests-1] DEBUG io.netty.util.internal.PlatformDependent0 - Java version: 8
15:33:59.696 [TestNG-tests-1] DEBUG io.netty.util.internal.PlatformDependent0 - sun.misc.Unsafe.theUnsafe: available
15:33:59.697 [TestNG-tests-1] DEBUG io.netty.util.internal.PlatformDependent0 - sun.misc.Unsafe.copyMemory: available
15:33:59.697 [TestNG-tests-1] DEBUG io.netty.util.internal.PlatformDependent0 - java.nio.Buffer.address: available
15:33:59.698 [TestNG-tests-1] DEBUG io.netty.util.internal.PlatformDependent0 - direct buffer constructor: available
15:33:59.698 [TestNG-tests-1] DEBUG io.netty.util.internal.PlatformDependent0 - java.nio.Bits.unaligned: available, true
15:33:59.698 [TestNG-tests-1] DEBUG io.netty.util.internal.PlatformDependent0 - jdk.internal.misc.Unsafe.allocateUninitializedArray(int): unavailable prior to Java9
15:33:59.698 [TestNG-tests-1] DEBUG io.netty.util.internal.PlatformDependent0 - java.nio.DirectByteBuffer.<init>(long, int): available
15:33:59.698 [TestNG-tests-1] DEBUG io.netty.util.internal.PlatformDependent - sun.misc.Unsafe: available
15:33:59.699 [TestNG-tests-1] DEBUG io.netty.util.internal.PlatformDependent - -Dio.netty.tmpdir: C:\Users\VenuM\AppData\Local\Temp (java.io.tmpdir)
15:33:59.699 [TestNG-tests-1] DEBUG io.netty.util.internal.PlatformDependent - -Dio.netty.bitMode: 64 (sun.arch.data.model)
15:33:59.700 [TestNG-tests-1] DEBUG io.netty.util.internal.PlatformDependent - -Dio.netty.maxDirectMemory: 2833776640 bytes
15:33:59.700 [TestNG-tests-1] DEBUG io.netty.util.internal.PlatformDependent - -Dio.netty.uninitializedArrayAllocationThreshold: -1
15:33:59.700 [TestNG-tests-1] DEBUG io.netty.util.internal.CleanerJava6 - java.nio.ByteBuffer.cleaner(): available
15:33:59.700 [TestNG-tests-1] DEBUG io.netty.util.internal.PlatformDependent - -Dio.netty.noPreferDirect: false
15:33:59.708 [TestNG-tests-1] DEBUG io.netty.util.internal.PlatformDependent - org.jctools-core.MpscChunkedArrayQueue: available
15:33:59.724 [TestNG-tests-1] DEBUG io.netty.util.internal.InternalThreadLocalMap - -Dio.netty.threadLocalMap.stringBuilder.initialSize: 1024
15:33:59.725 [TestNG-tests-1] DEBUG io.netty.util.internal.InternalThreadLocalMap - -Dio.netty.threadLocalMap.stringBuilder.maxSize: 4096
15:33:59.744 [TestNG-tests-1] DEBUG io.netty.handler.ssl.JdkSslContext - Default protocols (JDK): [TLSv1.2, TLSv1.1, TLSv1] 
15:33:59.745 [TestNG-tests-1] DEBUG io.netty.handler.ssl.JdkSslContext - Default cipher suites (JDK): [TLS_ECDHE_ECDSA_WITH_AES_256_GCM_SHA384, TLS_ECDHE_ECDSA_WITH_AES_128_GCM_SHA256, TLS_ECDHE_RSA_WITH_AES_128_GCM_SHA256, TLS_ECDHE_RSA_WITH_AES_256_GCM_SHA384, TLS_ECDHE_RSA_WITH_AES_128_CBC_SHA, TLS_ECDHE_RSA_WITH_AES_256_CBC_SHA, TLS_RSA_WITH_AES_128_GCM_SHA256, TLS_RSA_WITH_AES_128_CBC_SHA, TLS_RSA_WITH_AES_256_CBC_SHA, TLS_AES_128_GCM_SHA256, TLS_AES_256_GCM_SHA384]
15:33:59.770 [TestNG-tests-1] DEBUG io.netty.channel.MultithreadEventLoopGroup - -Dio.netty.eventLoopThreads: 12
15:33:59.778 [TestNG-tests-1] DEBUG io.netty.channel.nio.NioEventLoop - -Dio.netty.noKeySetOptimization: false
15:33:59.778 [TestNG-tests-1] DEBUG io.netty.channel.nio.NioEventLoop - -Dio.netty.selectorAutoRebuildThreshold: 512
15:33:59.786 [TestNG-tests-1] TRACE io.netty.channel.nio.NioEventLoop - instrumented a special java.util.Set into: sun.nio.ch.WindowsSelectorImpl@3f8dc555
15:33:59.787 [TestNG-tests-1] TRACE io.netty.channel.nio.NioEventLoop - instrumented a special java.util.Set into: sun.nio.ch.WindowsSelectorImpl@6d14a091
15:33:59.788 [TestNG-tests-1] TRACE io.netty.channel.nio.NioEventLoop - instrumented a special java.util.Set into: sun.nio.ch.WindowsSelectorImpl@3ce2670b
15:33:59.788 [TestNG-tests-1] TRACE io.netty.channel.nio.NioEventLoop - instrumented a special java.util.Set into: sun.nio.ch.WindowsSelectorImpl@1b73bc67
15:33:59.789 [TestNG-tests-1] TRACE io.netty.channel.nio.NioEventLoop - instrumented a special java.util.Set into: sun.nio.ch.WindowsSelectorImpl@6d395f86
15:33:59.789 [TestNG-tests-1] TRACE io.netty.channel.nio.NioEventLoop - instrumented a special java.util.Set into: sun.nio.ch.WindowsSelectorImpl@25e16a98
15:33:59.790 [TestNG-tests-1] TRACE io.netty.channel.nio.NioEventLoop - instrumented a special java.util.Set into: sun.nio.ch.WindowsSelectorImpl@a149b10
15:33:59.791 [TestNG-tests-1] TRACE io.netty.channel.nio.NioEventLoop - instrumented a special java.util.Set into: sun.nio.ch.WindowsSelectorImpl@c829eb1
15:33:59.791 [TestNG-tests-1] TRACE io.netty.channel.nio.NioEventLoop - instrumented a special java.util.Set into: sun.nio.ch.WindowsSelectorImpl@2be025c8
15:33:59.792 [TestNG-tests-1] TRACE io.netty.channel.nio.NioEventLoop - instrumented a special java.util.Set into: sun.nio.ch.WindowsSelectorImpl@5fb3f86
15:33:59.792 [TestNG-tests-1] TRACE io.netty.channel.nio.NioEventLoop - instrumented a special java.util.Set into: sun.nio.ch.WindowsSelectorImpl@2b19f832
15:33:59.793 [TestNG-tests-1] TRACE io.netty.channel.nio.NioEventLoop - instrumented a special java.util.Set into: sun.nio.ch.WindowsSelectorImpl@33f68cf6
15:33:59.812 [TestNG-tests-1] DEBUG io.netty.buffer.PooledByteBufAllocator - -Dio.netty.allocator.numHeapArenas: 12
15:33:59.812 [TestNG-tests-1] DEBUG io.netty.buffer.PooledByteBufAllocator - -Dio.netty.allocator.numDirectArenas: 12
15:33:59.813 [TestNG-tests-1] DEBUG io.netty.buffer.PooledByteBufAllocator - -Dio.netty.allocator.pageSize: 8192
15:33:59.813 [TestNG-tests-1] DEBUG io.netty.buffer.PooledByteBufAllocator - -Dio.netty.allocator.maxOrder: 11
15:33:59.813 [TestNG-tests-1] DEBUG io.netty.buffer.PooledByteBufAllocator - -Dio.netty.allocator.chunkSize: 16777216
15:33:59.813 [TestNG-tests-1] DEBUG io.netty.buffer.PooledByteBufAllocator - -Dio.netty.allocator.smallCacheSize: 256
15:33:59.813 [TestNG-tests-1] DEBUG io.netty.buffer.PooledByteBufAllocator - -Dio.netty.allocator.normalCacheSize: 64
15:33:59.813 [TestNG-tests-1] DEBUG io.netty.buffer.PooledByteBufAllocator - -Dio.netty.allocator.maxCachedBufferCapacity: 32768
15:33:59.813 [TestNG-tests-1] DEBUG io.netty.buffer.PooledByteBufAllocator - -Dio.netty.allocator.cacheTrimInterval: 8192
15:33:59.813 [TestNG-tests-1] DEBUG io.netty.buffer.PooledByteBufAllocator - -Dio.netty.allocator.cacheTrimIntervalMillis: 0
15:33:59.813 [TestNG-tests-1] DEBUG io.netty.buffer.PooledByteBufAllocator - -Dio.netty.allocator.useCacheForAllThreads: true
15:33:59.813 [TestNG-tests-1] DEBUG io.netty.buffer.PooledByteBufAllocator - -Dio.netty.allocator.maxCachedByteBuffersPerChunk: 1023
15:33:59.822 [TestNG-tests-1] DEBUG io.netty.buffer.ByteBufUtil - -Dio.netty.allocator.type: pooled
15:33:59.822 [TestNG-tests-1] DEBUG io.netty.buffer.ByteBufUtil - -Dio.netty.threadLocalDirectBufferSize: 0
15:33:59.822 [TestNG-tests-1] DEBUG io.netty.buffer.ByteBufUtil - -Dio.netty.maxThreadLocalCharBufferSize: 16384
15:34:00.574 [Forwarding newSession on session null to remote] DEBUG io.netty.channel.DefaultChannelId - -Dio.netty.processId: 14272 (auto-detected)
15:34:00.576 [Forwarding newSession on session null to remote] DEBUG io.netty.util.NetUtil - -Djava.net.preferIPv4Stack: false
15:34:00.576 [Forwarding newSession on session null to remote] DEBUG io.netty.util.NetUtil - -Djava.net.preferIPv6Addresses: false
15:34:00.730 [Forwarding newSession on session null to remote] DEBUG io.netty.util.NetUtilInitializations - Loopback interface: lo (Software Loopback Interface 1, 127.0.0.1)
15:34:00.730 [Forwarding newSession on session null to remote] DEBUG io.netty.util.NetUtil - Failed to get SOMAXCONN from sysctl and file \proc\sys\net\core\somaxconn. Default: 200
15:34:00.895 [Forwarding newSession on session null to remote] DEBUG io.netty.channel.DefaultChannelId - -Dio.netty.machineId: f4:39:09:ff:fe:34:9b:d5 (auto-detected)
15:34:00.945 [AsyncHttpClient-1-2] DEBUG io.netty.buffer.AbstractByteBuf - -Dio.netty.buffer.checkAccessible: true
15:34:00.946 [AsyncHttpClient-1-2] DEBUG io.netty.buffer.AbstractByteBuf - -Dio.netty.buffer.checkBounds: true
15:34:00.946 [AsyncHttpClient-1-2] DEBUG io.netty.util.ResourceLeakDetectorFactory - Loaded default ResourceLeakDetector: io.netty.util.ResourceLeakDetector@22d6766d
15:34:00.971 [AsyncHttpClient-1-2] DEBUG io.netty.util.Recycler - -Dio.netty.recycler.maxCapacityPerThread: 4096
15:34:00.971 [AsyncHttpClient-1-2] DEBUG io.netty.util.Recycler - -Dio.netty.recycler.maxSharedCapacityFactor: 2
15:34:00.971 [AsyncHttpClient-1-2] DEBUG io.netty.util.Recycler - -Dio.netty.recycler.linkCapacity: 16
15:34:00.971 [AsyncHttpClient-1-2] DEBUG io.netty.util.Recycler - -Dio.netty.recycler.ratio: 8
15:34:00.971 [AsyncHttpClient-1-2] DEBUG io.netty.util.Recycler - -Dio.netty.recycler.delayedQueue.ratio: 8
15:34:01.772 [TestNG-tests-1] DEBUG io.netty.util.internal.ThreadLocalRandom - -Dio.netty.initialSeedUniquifier: 0xe9628a975d57b263
15:34:01.799 [TestNG-tests-1] INFO  testCases.TC_010_ShoppingCart - Launched chrome Browser
15:34:01.819 [TestNG-tests-1] INFO  testCases.TC_010_ShoppingCart - Starting TC_010_ShoppingCart
15:34:03.592 [TestNG-tests-1] INFO  testCases.TC_010_ShoppingCart - Home Page Displayed 
15:34:03.759 [TestNG-tests-1] INFO  testCases.TC_010_ShoppingCart - Search iMac is  Displayed 
15:34:05.243 [TestNG-tests-1] INFO  testCases.TC_010_ShoppingCart - Search Button clicked 
15:34:08.283 [TestNG-tests-1] INFO  testCases.TC_010_ShoppingCart - Add to Cart clicked 
15:34:13.768 [TestNG-tests-1] INFO  testCases.TC_010_ShoppingCart - Shopping Cart clicked 
15:34:29.340 [AsyncHttpClient-1-4] TRACE io.netty.handler.codec.http.websocketx.WebSocket08FrameEncoder - Encoding WebSocket Frame opCode=8 length=26
15:53:44.535 [TestNG-tests-1] DEBUG io.netty.util.internal.logging.InternalLoggerFactory - Using Log4J2 as the default logging framework
15:53:44.543 [TestNG-tests-1] DEBUG io.netty.util.ResourceLeakDetector - -Dio.netty.leakDetection.level: simple
15:53:44.543 [TestNG-tests-1] DEBUG io.netty.util.ResourceLeakDetector - -Dio.netty.leakDetection.targetRecords: 4
15:53:44.546 [TestNG-tests-1] DEBUG io.netty.util.ResourceLeakDetectorFactory - Loaded default ResourceLeakDetector: io.netty.util.ResourceLeakDetector@361f75aa
15:53:44.561 [TestNG-tests-1] DEBUG io.netty.util.internal.PlatformDependent - Platform: Windows
15:53:44.563 [TestNG-tests-1] DEBUG io.netty.util.internal.PlatformDependent0 - -Dio.netty.noUnsafe: false
15:53:44.563 [TestNG-tests-1] DEBUG io.netty.util.internal.PlatformDependent0 - Java version: 8
15:53:44.564 [TestNG-tests-1] DEBUG io.netty.util.internal.PlatformDependent0 - sun.misc.Unsafe.theUnsafe: available
15:53:44.564 [TestNG-tests-1] DEBUG io.netty.util.internal.PlatformDependent0 - sun.misc.Unsafe.copyMemory: available
15:53:44.565 [TestNG-tests-1] DEBUG io.netty.util.internal.PlatformDependent0 - java.nio.Buffer.address: available
15:53:44.565 [TestNG-tests-1] DEBUG io.netty.util.internal.PlatformDependent0 - direct buffer constructor: available
15:53:44.565 [TestNG-tests-1] DEBUG io.netty.util.internal.PlatformDependent0 - java.nio.Bits.unaligned: available, true
15:53:44.566 [TestNG-tests-1] DEBUG io.netty.util.internal.PlatformDependent0 - jdk.internal.misc.Unsafe.allocateUninitializedArray(int): unavailable prior to Java9
15:53:44.566 [TestNG-tests-1] DEBUG io.netty.util.internal.PlatformDependent0 - java.nio.DirectByteBuffer.<init>(long, int): available
15:53:44.566 [TestNG-tests-1] DEBUG io.netty.util.internal.PlatformDependent - sun.misc.Unsafe: available
15:53:44.566 [TestNG-tests-1] DEBUG io.netty.util.internal.PlatformDependent - -Dio.netty.tmpdir: C:\Users\VenuM\AppData\Local\Temp (java.io.tmpdir)
15:53:44.566 [TestNG-tests-1] DEBUG io.netty.util.internal.PlatformDependent - -Dio.netty.bitMode: 64 (sun.arch.data.model)
15:53:44.567 [TestNG-tests-1] DEBUG io.netty.util.internal.PlatformDependent - -Dio.netty.maxDirectMemory: 2833776640 bytes
15:53:44.567 [TestNG-tests-1] DEBUG io.netty.util.internal.PlatformDependent - -Dio.netty.uninitializedArrayAllocationThreshold: -1
15:53:44.568 [TestNG-tests-1] DEBUG io.netty.util.internal.CleanerJava6 - java.nio.ByteBuffer.cleaner(): available
15:53:44.568 [TestNG-tests-1] DEBUG io.netty.util.internal.PlatformDependent - -Dio.netty.noPreferDirect: false
15:53:44.575 [TestNG-tests-1] DEBUG io.netty.util.internal.PlatformDependent - org.jctools-core.MpscChunkedArrayQueue: available
15:53:44.591 [TestNG-tests-1] DEBUG io.netty.util.internal.InternalThreadLocalMap - -Dio.netty.threadLocalMap.stringBuilder.initialSize: 1024
15:53:44.591 [TestNG-tests-1] DEBUG io.netty.util.internal.InternalThreadLocalMap - -Dio.netty.threadLocalMap.stringBuilder.maxSize: 4096
15:53:44.610 [TestNG-tests-1] DEBUG io.netty.handler.ssl.JdkSslContext - Default protocols (JDK): [TLSv1.2, TLSv1.1, TLSv1] 
15:53:44.610 [TestNG-tests-1] DEBUG io.netty.handler.ssl.JdkSslContext - Default cipher suites (JDK): [TLS_ECDHE_ECDSA_WITH_AES_256_GCM_SHA384, TLS_ECDHE_ECDSA_WITH_AES_128_GCM_SHA256, TLS_ECDHE_RSA_WITH_AES_128_GCM_SHA256, TLS_ECDHE_RSA_WITH_AES_256_GCM_SHA384, TLS_ECDHE_RSA_WITH_AES_128_CBC_SHA, TLS_ECDHE_RSA_WITH_AES_256_CBC_SHA, TLS_RSA_WITH_AES_128_GCM_SHA256, TLS_RSA_WITH_AES_128_CBC_SHA, TLS_RSA_WITH_AES_256_CBC_SHA, TLS_AES_128_GCM_SHA256, TLS_AES_256_GCM_SHA384]
15:53:44.633 [TestNG-tests-1] DEBUG io.netty.channel.MultithreadEventLoopGroup - -Dio.netty.eventLoopThreads: 12
15:53:44.641 [TestNG-tests-1] DEBUG io.netty.channel.nio.NioEventLoop - -Dio.netty.noKeySetOptimization: false
15:53:44.641 [TestNG-tests-1] DEBUG io.netty.channel.nio.NioEventLoop - -Dio.netty.selectorAutoRebuildThreshold: 512
15:53:44.648 [TestNG-tests-1] TRACE io.netty.channel.nio.NioEventLoop - instrumented a special java.util.Set into: sun.nio.ch.WindowsSelectorImpl@3f2dc969
15:53:44.649 [TestNG-tests-1] TRACE io.netty.channel.nio.NioEventLoop - instrumented a special java.util.Set into: sun.nio.ch.WindowsSelectorImpl@56020896
15:53:44.649 [TestNG-tests-1] TRACE io.netty.channel.nio.NioEventLoop - instrumented a special java.util.Set into: sun.nio.ch.WindowsSelectorImpl@7b5e5be
15:53:44.650 [TestNG-tests-1] TRACE io.netty.channel.nio.NioEventLoop - instrumented a special java.util.Set into: sun.nio.ch.WindowsSelectorImpl@51ddd3ad
15:53:44.651 [TestNG-tests-1] TRACE io.netty.channel.nio.NioEventLoop - instrumented a special java.util.Set into: sun.nio.ch.WindowsSelectorImpl@39b077
15:53:44.651 [TestNG-tests-1] TRACE io.netty.channel.nio.NioEventLoop - instrumented a special java.util.Set into: sun.nio.ch.WindowsSelectorImpl@46394e5e
15:53:44.652 [TestNG-tests-1] TRACE io.netty.channel.nio.NioEventLoop - instrumented a special java.util.Set into: sun.nio.ch.WindowsSelectorImpl@6e89cb32
15:53:44.652 [TestNG-tests-1] TRACE io.netty.channel.nio.NioEventLoop - instrumented a special java.util.Set into: sun.nio.ch.WindowsSelectorImpl@51763df5
15:53:44.653 [TestNG-tests-1] TRACE io.netty.channel.nio.NioEventLoop - instrumented a special java.util.Set into: sun.nio.ch.WindowsSelectorImpl@1c0195a4
15:53:44.653 [TestNG-tests-1] TRACE io.netty.channel.nio.NioEventLoop - instrumented a special java.util.Set into: sun.nio.ch.WindowsSelectorImpl@10c663c4
15:53:44.654 [TestNG-tests-1] TRACE io.netty.channel.nio.NioEventLoop - instrumented a special java.util.Set into: sun.nio.ch.WindowsSelectorImpl@3036fab5
15:53:44.654 [TestNG-tests-1] TRACE io.netty.channel.nio.NioEventLoop - instrumented a special java.util.Set into: sun.nio.ch.WindowsSelectorImpl@50cfe0d3
15:53:44.672 [TestNG-tests-1] DEBUG io.netty.buffer.PooledByteBufAllocator - -Dio.netty.allocator.numHeapArenas: 12
15:53:44.672 [TestNG-tests-1] DEBUG io.netty.buffer.PooledByteBufAllocator - -Dio.netty.allocator.numDirectArenas: 12
15:53:44.672 [TestNG-tests-1] DEBUG io.netty.buffer.PooledByteBufAllocator - -Dio.netty.allocator.pageSize: 8192
15:53:44.672 [TestNG-tests-1] DEBUG io.netty.buffer.PooledByteBufAllocator - -Dio.netty.allocator.maxOrder: 11
15:53:44.672 [TestNG-tests-1] DEBUG io.netty.buffer.PooledByteBufAllocator - -Dio.netty.allocator.chunkSize: 16777216
15:53:44.672 [TestNG-tests-1] DEBUG io.netty.buffer.PooledByteBufAllocator - -Dio.netty.allocator.smallCacheSize: 256
15:53:44.672 [TestNG-tests-1] DEBUG io.netty.buffer.PooledByteBufAllocator - -Dio.netty.allocator.normalCacheSize: 64
15:53:44.672 [TestNG-tests-1] DEBUG io.netty.buffer.PooledByteBufAllocator - -Dio.netty.allocator.maxCachedBufferCapacity: 32768
15:53:44.672 [TestNG-tests-1] DEBUG io.netty.buffer.PooledByteBufAllocator - -Dio.netty.allocator.cacheTrimInterval: 8192
15:53:44.672 [TestNG-tests-1] DEBUG io.netty.buffer.PooledByteBufAllocator - -Dio.netty.allocator.cacheTrimIntervalMillis: 0
15:53:44.672 [TestNG-tests-1] DEBUG io.netty.buffer.PooledByteBufAllocator - -Dio.netty.allocator.useCacheForAllThreads: true
15:53:44.672 [TestNG-tests-1] DEBUG io.netty.buffer.PooledByteBufAllocator - -Dio.netty.allocator.maxCachedByteBuffersPerChunk: 1023
15:53:44.680 [TestNG-tests-1] DEBUG io.netty.buffer.ByteBufUtil - -Dio.netty.allocator.type: pooled
15:53:44.681 [TestNG-tests-1] DEBUG io.netty.buffer.ByteBufUtil - -Dio.netty.threadLocalDirectBufferSize: 0
15:53:44.681 [TestNG-tests-1] DEBUG io.netty.buffer.ByteBufUtil - -Dio.netty.maxThreadLocalCharBufferSize: 16384
15:53:45.421 [Forwarding newSession on session null to remote] DEBUG io.netty.channel.DefaultChannelId - -Dio.netty.processId: 39836 (auto-detected)
15:53:45.422 [Forwarding newSession on session null to remote] DEBUG io.netty.util.NetUtil - -Djava.net.preferIPv4Stack: false
15:53:45.422 [Forwarding newSession on session null to remote] DEBUG io.netty.util.NetUtil - -Djava.net.preferIPv6Addresses: false
15:53:45.563 [Forwarding newSession on session null to remote] DEBUG io.netty.util.NetUtilInitializations - Loopback interface: lo (Software Loopback Interface 1, 127.0.0.1)
15:53:45.564 [Forwarding newSession on session null to remote] DEBUG io.netty.util.NetUtil - Failed to get SOMAXCONN from sysctl and file \proc\sys\net\core\somaxconn. Default: 200
15:53:45.713 [Forwarding newSession on session null to remote] DEBUG io.netty.channel.DefaultChannelId - -Dio.netty.machineId: f4:39:09:ff:fe:34:9b:d5 (auto-detected)
15:53:45.758 [AsyncHttpClient-1-2] DEBUG io.netty.buffer.AbstractByteBuf - -Dio.netty.buffer.checkAccessible: true
15:53:45.758 [AsyncHttpClient-1-2] DEBUG io.netty.buffer.AbstractByteBuf - -Dio.netty.buffer.checkBounds: true
15:53:45.758 [AsyncHttpClient-1-2] DEBUG io.netty.util.ResourceLeakDetectorFactory - Loaded default ResourceLeakDetector: io.netty.util.ResourceLeakDetector@4093ea78
15:53:45.780 [AsyncHttpClient-1-2] DEBUG io.netty.util.Recycler - -Dio.netty.recycler.maxCapacityPerThread: 4096
15:53:45.780 [AsyncHttpClient-1-2] DEBUG io.netty.util.Recycler - -Dio.netty.recycler.maxSharedCapacityFactor: 2
15:53:45.780 [AsyncHttpClient-1-2] DEBUG io.netty.util.Recycler - -Dio.netty.recycler.linkCapacity: 16
15:53:45.780 [AsyncHttpClient-1-2] DEBUG io.netty.util.Recycler - -Dio.netty.recycler.ratio: 8
15:53:45.780 [AsyncHttpClient-1-2] DEBUG io.netty.util.Recycler - -Dio.netty.recycler.delayedQueue.ratio: 8
